{"/home/sims05/Desktop/sequilize/spec/server-tests/documents.spec.js":{"path":"/home/sims05/Desktop/sequilize/spec/server-tests/documents.spec.js","s":{"1":1,"2":1,"3":1,"4":1,"5":1,"6":1,"7":1,"8":1,"9":1,"10":4,"11":1,"12":1,"13":1,"14":1,"15":1,"16":1,"17":1,"18":1,"19":1,"20":1,"21":1,"22":1,"23":1,"24":1,"25":1,"26":1,"27":0,"28":1,"29":1,"30":1,"31":1,"32":1,"33":1,"34":1,"35":1,"36":1,"37":1,"38":3,"39":3,"40":1,"41":1,"42":1,"43":1,"44":1,"45":1,"46":1,"47":0,"48":1,"49":1,"50":1,"51":1,"52":1,"53":1,"54":1,"55":1,"56":1,"57":1,"58":1,"59":1,"60":1,"61":1,"62":1,"63":1,"64":1,"65":1,"66":1,"67":0,"68":1,"69":1,"70":1,"71":1,"72":1,"73":0},"b":{"1":[2,2],"2":[4,4],"3":[1,0],"4":[1,0],"5":[1,0],"6":[1,0],"7":[3,1,0],"8":[1,0],"9":[1,0],"10":[1,0],"11":[1,0,0],"12":[1,0],"13":[1,0]},"f":{"1":4,"2":1,"3":1,"4":1,"5":1,"6":1,"7":1,"8":1,"9":1,"10":1,"11":1,"12":3,"13":1,"14":1,"15":1,"16":1,"17":1,"18":1,"19":1,"20":1,"21":1,"22":1,"23":1,"24":1},"fnMap":{"1":{"name":"_interopRequireDefault","line":0,"loc":{"start":{"line":0,"column":0},"end":{"line":0,"column":0}},"skip":true},"2":{"name":"(anonymous_2)","line":9,"loc":{"start":{"line":9,"column":26},"end":{"line":9,"column":32}}},"3":{"name":"(anonymous_3)","line":10,"loc":{"start":{"line":10,"column":12},"end":{"line":10,"column":22}}},"4":{"name":"getDoc","line":11,"loc":{"start":{"line":11,"column":19},"end":{"line":11,"column":25}}},"5":{"name":"(anonymous_5)","line":18,"loc":{"start":{"line":18,"column":13},"end":{"line":18,"column":27}}},"6":{"name":"(anonymous_6)","line":27,"loc":{"start":{"line":27,"column":34},"end":{"line":27,"column":45}}},"7":{"name":"(anonymous_7)","line":38,"loc":{"start":{"line":38,"column":26},"end":{"line":38,"column":32}}},"8":{"name":"(anonymous_8)","line":39,"loc":{"start":{"line":39,"column":57},"end":{"line":39,"column":67}}},"9":{"name":"(anonymous_9)","line":46,"loc":{"start":{"line":46,"column":11},"end":{"line":46,"column":25}}},"10":{"name":"(anonymous_10)","line":54,"loc":{"start":{"line":54,"column":70},"end":{"line":54,"column":80}}},"11":{"name":"(anonymous_11)","line":61,"loc":{"start":{"line":61,"column":11},"end":{"line":61,"column":25}}},"12":{"name":"(anonymous_12)","line":67,"loc":{"start":{"line":67,"column":27},"end":{"line":67,"column":36}}},"13":{"name":"(anonymous_13)","line":79,"loc":{"start":{"line":79,"column":33},"end":{"line":79,"column":43}}},"14":{"name":"(anonymous_14)","line":85,"loc":{"start":{"line":85,"column":13},"end":{"line":85,"column":27}}},"15":{"name":"(anonymous_15)","line":95,"loc":{"start":{"line":95,"column":29},"end":{"line":95,"column":35}}},"16":{"name":"(anonymous_16)","line":96,"loc":{"start":{"line":96,"column":63},"end":{"line":96,"column":73}}},"17":{"name":"(anonymous_17)","line":103,"loc":{"start":{"line":103,"column":13},"end":{"line":103,"column":27}}},"18":{"name":"(anonymous_18)","line":111,"loc":{"start":{"line":111,"column":68},"end":{"line":111,"column":78}}},"19":{"name":"(anonymous_19)","line":118,"loc":{"start":{"line":118,"column":13},"end":{"line":118,"column":27}}},"20":{"name":"(anonymous_20)","line":124,"loc":{"start":{"line":124,"column":29},"end":{"line":124,"column":38}}},"21":{"name":"(anonymous_21)","line":136,"loc":{"start":{"line":136,"column":36},"end":{"line":136,"column":46}}},"22":{"name":"(anonymous_22)","line":142,"loc":{"start":{"line":142,"column":13},"end":{"line":142,"column":27}}},"23":{"name":"(anonymous_23)","line":150,"loc":{"start":{"line":150,"column":36},"end":{"line":150,"column":46}}},"24":{"name":"(anonymous_24)","line":155,"loc":{"start":{"line":155,"column":13},"end":{"line":155,"column":27}}}},"statementMap":{"1":{"start":{"line":1,"column":0},"end":{"line":null,"column":null}},"2":{"start":{"line":0,"column":0},"end":{"line":0,"column":0},"skip":true},"3":{"start":{"line":2,"column":0},"end":{"line":null,"column":null}},"4":{"start":{"line":0,"column":0},"end":{"line":0,"column":0},"skip":true},"5":{"start":{"line":3,"column":0},"end":{"line":null,"column":null}},"6":{"start":{"line":0,"column":0},"end":{"line":0,"column":0},"skip":true},"7":{"start":{"line":4,"column":0},"end":{"line":null,"column":null}},"8":{"start":{"line":0,"column":0},"end":{"line":0,"column":0},"skip":true},"9":{"start":{"line":0,"column":0},"end":{"line":0,"column":0},"skip":true},"10":{"start":{"line":0,"column":0},"end":{"line":0,"column":0},"skip":true},"11":{"start":{"line":6,"column":0},"end":{"line":null,"column":null}},"12":{"start":{"line":7,"column":0},"end":{"line":null,"column":null}},"13":{"start":{"line":8,"column":0},"end":{"line":null,"column":null}},"14":{"start":{"line":9,"column":0},"end":{"line":null,"column":null}},"15":{"start":{"line":10,"column":12},"end":{"line":null,"column":null}},"16":{"start":{"line":11,"column":10},"end":{"line":null,"column":null}},"17":{"start":{"line":13,"column":9},"end":{"line":null,"column":null}},"18":{"start":{"line":19,"column":14},"end":{"line":null,"column":null}},"19":{"start":{"line":20,"column":25},"end":{"line":null,"column":null}},"20":{"start":{"line":0,"column":0},"end":{"line":0,"column":0},"skip":true},"21":{"start":{"line":23,"column":17},"end":{"line":null,"column":null}},"22":{"start":{"line":27,"column":14},"end":{"line":null,"column":null}},"23":{"start":{"line":28,"column":10},"end":{"line":null,"column":null}},"24":{"start":{"line":29,"column":20},"end":{"line":null,"column":null}},"25":{"start":{"line":30,"column":22},"end":{"line":null,"column":null}},"26":{"start":{"line":0,"column":0},"end":{"line":0,"column":0},"skip":true},"27":{"start":{"line":33,"column":13},"end":{"line":null,"column":null}},"28":{"start":{"line":38,"column":11},"end":{"line":null,"column":null}},"29":{"start":{"line":39,"column":7},"end":{"line":null,"column":null}},"30":{"start":{"line":41,"column":7},"end":{"line":null,"column":null}},"31":{"start":{"line":47,"column":12},"end":{"line":null,"column":null}},"32":{"start":{"line":0,"column":0},"end":{"line":0,"column":0},"skip":true},"33":{"start":{"line":50,"column":15},"end":{"line":null,"column":null}},"34":{"start":{"line":54,"column":7},"end":{"line":null,"column":null}},"35":{"start":{"line":56,"column":7},"end":{"line":null,"column":null}},"36":{"start":{"line":62,"column":12},"end":{"line":null,"column":null}},"37":{"start":{"line":67,"column":14},"end":{"line":null,"column":null}},"38":{"start":{"line":68,"column":18},"end":{"line":null,"column":null}},"39":{"start":{"line":71,"column":19},"end":{"line":null,"column":null}},"40":{"start":{"line":0,"column":0},"end":{"line":0,"column":0},"skip":true},"41":{"start":{"line":75,"column":15},"end":{"line":null,"column":null}},"42":{"start":{"line":79,"column":7},"end":{"line":null,"column":null}},"43":{"start":{"line":81,"column":7},"end":{"line":null,"column":null}},"44":{"start":{"line":86,"column":14},"end":{"line":null,"column":null}},"45":{"start":{"line":87,"column":19},"end":{"line":null,"column":null}},"46":{"start":{"line":88,"column":19},"end":{"line":null,"column":null}},"47":{"start":{"line":90,"column":17},"end":{"line":null,"column":null}},"48":{"start":{"line":95,"column":11},"end":{"line":null,"column":null}},"49":{"start":{"line":96,"column":7},"end":{"line":null,"column":null}},"50":{"start":{"line":98,"column":9},"end":{"line":null,"column":null}},"51":{"start":{"line":104,"column":14},"end":{"line":null,"column":null}},"52":{"start":{"line":0,"column":0},"end":{"line":0,"column":0},"skip":true},"53":{"start":{"line":107,"column":17},"end":{"line":null,"column":null}},"54":{"start":{"line":111,"column":7},"end":{"line":null,"column":null}},"55":{"start":{"line":113,"column":9},"end":{"line":null,"column":null}},"56":{"start":{"line":119,"column":14},"end":{"line":null,"column":null}},"57":{"start":{"line":124,"column":16},"end":{"line":null,"column":null}},"58":{"start":{"line":125,"column":20},"end":{"line":null,"column":null}},"59":{"start":{"line":128,"column":21},"end":{"line":null,"column":null}},"60":{"start":{"line":0,"column":0},"end":{"line":0,"column":0},"skip":true},"61":{"start":{"line":132,"column":17},"end":{"line":null,"column":null}},"62":{"start":{"line":136,"column":7},"end":{"line":null,"column":null}},"63":{"start":{"line":138,"column":7},"end":{"line":null,"column":null}},"64":{"start":{"line":143,"column":14},"end":{"line":null,"column":null}},"65":{"start":{"line":144,"column":19},"end":{"line":null,"column":null}},"66":{"start":{"line":145,"column":19},"end":{"line":null,"column":null}},"67":{"start":{"line":147,"column":17},"end":{"line":null,"column":null}},"68":{"start":{"line":150,"column":7},"end":{"line":null,"column":null}},"69":{"start":{"line":152,"column":7},"end":{"line":null,"column":null}},"70":{"start":{"line":156,"column":14},"end":{"line":null,"column":null}},"71":{"start":{"line":157,"column":19},"end":{"line":null,"column":null}},"72":{"start":{"line":158,"column":19},"end":{"line":null,"column":null}},"73":{"start":{"line":160,"column":17},"end":{"line":null,"column":null}}},"branchMap":{"1":{"line":0,"type":"cond-expr","locations":[{"start":{"line":0,"column":0},"end":{"line":0,"column":0},"skip":true},{"start":{"line":0,"column":0},"end":{"line":0,"column":0},"skip":true}]},"2":{"line":0,"type":"binary-expr","locations":[{"start":{"line":0,"column":0},"end":{"line":0,"column":0},"skip":true},{"start":{"line":0,"column":0},"end":{"line":0,"column":0},"skip":true}]},"3":{"line":19,"type":"if","locations":[{"start":{"line":19,"column":14},"end":{"line":19,"column":14}},{"start":{"line":19,"column":14},"end":{"line":19,"column":14}}]},"4":{"line":28,"type":"if","locations":[{"start":{"line":28,"column":10},"end":{"line":28,"column":10}},{"start":{"line":28,"column":10},"end":{"line":28,"column":10}}]},"5":{"line":47,"type":"if","locations":[{"start":{"line":47,"column":12},"end":{"line":47,"column":12}},{"start":{"line":47,"column":12},"end":{"line":47,"column":12}}]},"6":{"line":62,"type":"if","locations":[{"start":{"line":62,"column":12},"end":{"line":62,"column":12}},{"start":{"line":62,"column":12},"end":{"line":62,"column":12}}]},"7":{"line":68,"type":"binary-expr","locations":[{"start":{"line":68,"column":28},"end":{"line":68,"column":28}},{"start":{"line":69,"column":28},"end":{"line":68,"column":28}},{"start":{"line":70,"column":28},"end":{"line":68,"column":12}}]},"8":{"line":86,"type":"if","locations":[{"start":{"line":86,"column":14},"end":{"line":86,"column":14}},{"start":{"line":86,"column":14},"end":{"line":86,"column":14}}]},"9":{"line":104,"type":"if","locations":[{"start":{"line":104,"column":14},"end":{"line":104,"column":14}},{"start":{"line":104,"column":14},"end":{"line":104,"column":14}}]},"10":{"line":119,"type":"if","locations":[{"start":{"line":119,"column":14},"end":{"line":119,"column":14}},{"start":{"line":119,"column":14},"end":{"line":119,"column":14}}]},"11":{"line":125,"type":"binary-expr","locations":[{"start":{"line":125,"column":30},"end":{"line":125,"column":30}},{"start":{"line":126,"column":30},"end":{"line":125,"column":30}},{"start":{"line":127,"column":30},"end":{"line":125,"column":14}}]},"12":{"line":143,"type":"if","locations":[{"start":{"line":143,"column":14},"end":{"line":143,"column":14}},{"start":{"line":143,"column":14},"end":{"line":143,"column":14}}]},"13":{"line":156,"type":"if","locations":[{"start":{"line":156,"column":14},"end":{"line":156,"column":14}},{"start":{"line":156,"column":14},"end":{"line":156,"column":14}}]}}},"/home/sims05/Desktop/sequilize/server/api/index.js":{"path":"/home/sims05/Desktop/sequilize/server/api/index.js","s":{"1":1,"2":1,"3":1,"4":1,"5":1,"6":1,"7":1,"8":1,"9":3,"10":1,"11":1,"12":1,"13":1,"14":1,"15":1,"16":1,"17":1},"b":{"1":[1,2],"2":[3,3],"3":[1,1]},"f":{"1":3,"2":1},"fnMap":{"1":{"name":"_interopRequireDefault","line":0,"loc":{"start":{"line":0,"column":0},"end":{"line":0,"column":0}},"skip":true},"2":{"name":"(anonymous_2)","line":12,"loc":{"start":{"line":12,"column":20},"end":{"line":12,"column":26}}}},"statementMap":{"1":{"start":{"line":0,"column":0},"end":{"line":0,"column":0},"skip":true},"2":{"start":{"line":1,"column":0},"end":{"line":null,"column":null}},"3":{"start":{"line":0,"column":0},"end":{"line":0,"column":0},"skip":true},"4":{"start":{"line":2,"column":0},"end":{"line":null,"column":null}},"5":{"start":{"line":0,"column":0},"end":{"line":0,"column":0},"skip":true},"6":{"start":{"line":3,"column":0},"end":{"line":null,"column":null}},"7":{"start":{"line":0,"column":0},"end":{"line":0,"column":0},"skip":true},"8":{"start":{"line":0,"column":0},"end":{"line":0,"column":0},"skip":true},"9":{"start":{"line":0,"column":0},"end":{"line":0,"column":0},"skip":true},"10":{"start":{"line":5,"column":0},"end":{"line":null,"column":null}},"11":{"start":{"line":6,"column":0},"end":{"line":null,"column":null}},"12":{"start":{"line":8,"column":0},"end":{"line":null,"column":null}},"13":{"start":{"line":9,"column":0},"end":{"line":null,"column":null}},"14":{"start":{"line":11,"column":0},"end":{"line":null,"column":null}},"15":{"start":{"line":12,"column":0},"end":{"line":null,"column":null}},"16":{"start":{"line":13,"column":10},"end":{"line":null,"column":null}},"17":{"start":{"line":17,"column":15},"end":{"line":null,"column":null}}},"branchMap":{"1":{"line":0,"type":"cond-expr","locations":[{"start":{"line":0,"column":0},"end":{"line":0,"column":0},"skip":true},{"start":{"line":0,"column":0},"end":{"line":0,"column":0},"skip":true}]},"2":{"line":0,"type":"binary-expr","locations":[{"start":{"line":0,"column":0},"end":{"line":0,"column":0},"skip":true},{"start":{"line":0,"column":0},"end":{"line":0,"column":0},"skip":true}]},"3":{"line":8,"type":"binary-expr","locations":[{"start":{"line":8,"column":13},"end":{"line":8,"column":47}},{"start":{"line":8,"column":47},"end":{"line":8,"column":0}}]}}},"/home/sims05/Desktop/sequilize/server/api/app.js":{"path":"/home/sims05/Desktop/sequilize/server/api/app.js","s":{"1":1,"2":1,"3":1,"4":1,"5":1,"6":1,"7":1,"8":1,"9":1,"10":1,"11":4,"12":1,"13":1,"14":1,"15":1,"16":1,"17":1},"b":{"1":[0,4],"2":[4,4]},"f":{"1":4,"2":1},"fnMap":{"1":{"name":"_interopRequireDefault","line":0,"loc":{"start":{"line":0,"column":0},"end":{"line":0,"column":0}},"skip":true},"2":{"name":"extend","line":8,"loc":{"start":{"line":8,"column":10},"end":{"line":8,"column":26}}}},"statementMap":{"1":{"start":{"line":0,"column":0},"end":{"line":0,"column":0},"skip":true},"2":{"start":{"line":2,"column":0},"end":{"line":null,"column":null}},"3":{"start":{"line":0,"column":0},"end":{"line":0,"column":0},"skip":true},"4":{"start":{"line":3,"column":0},"end":{"line":null,"column":null}},"5":{"start":{"line":0,"column":0},"end":{"line":0,"column":0},"skip":true},"6":{"start":{"line":4,"column":0},"end":{"line":null,"column":null}},"7":{"start":{"line":0,"column":0},"end":{"line":0,"column":0},"skip":true},"8":{"start":{"line":5,"column":0},"end":{"line":null,"column":null}},"9":{"start":{"line":0,"column":0},"end":{"line":0,"column":0},"skip":true},"10":{"start":{"line":0,"column":0},"end":{"line":0,"column":0},"skip":true},"11":{"start":{"line":0,"column":0},"end":{"line":0,"column":0},"skip":true},"12":{"start":{"line":7,"column":15},"end":{"line":null,"column":null}},"13":{"start":{"line":10,"column":15},"end":{"line":null,"column":null}},"14":{"start":{"line":13,"column":15},"end":{"line":null,"column":null}},"15":{"start":{"line":16,"column":15},"end":{"line":null,"column":null}},"16":{"start":{"line":17,"column":15},"end":{"line":null,"column":null}},"17":{"start":{"line":20,"column":11},"end":{"line":null,"column":null}}},"branchMap":{"1":{"line":0,"type":"cond-expr","locations":[{"start":{"line":0,"column":0},"end":{"line":0,"column":0},"skip":true},{"start":{"line":0,"column":0},"end":{"line":0,"column":0},"skip":true}]},"2":{"line":0,"type":"binary-expr","locations":[{"start":{"line":0,"column":0},"end":{"line":0,"column":0},"skip":true},{"start":{"line":0,"column":0},"end":{"line":0,"column":0},"skip":true}]}}},"/home/sims05/Desktop/sequilize/server/api/routes/index.js":{"path":"/home/sims05/Desktop/sequilize/server/api/routes/index.js","s":{"1":1,"2":1,"3":1,"4":1,"5":1,"6":1,"7":1,"8":3,"9":1,"10":1,"11":1,"12":1,"13":1,"14":0},"b":{"1":[3,0],"2":[3,3]},"f":{"1":3,"2":1,"3":0},"fnMap":{"1":{"name":"_interopRequireDefault","line":0,"loc":{"start":{"line":0,"column":0},"end":{"line":0,"column":0}},"skip":true},"2":{"name":"apply","line":6,"loc":{"start":{"line":6,"column":9},"end":{"line":6,"column":25}}},"3":{"name":"(anonymous_3)","line":12,"loc":{"start":{"line":12,"column":24},"end":{"line":null,"column":null}}}},"statementMap":{"1":{"start":{"line":1,"column":0},"end":{"line":null,"column":null}},"2":{"start":{"line":0,"column":0},"end":{"line":0,"column":0},"skip":true},"3":{"start":{"line":2,"column":0},"end":{"line":null,"column":null}},"4":{"start":{"line":0,"column":0},"end":{"line":0,"column":0},"skip":true},"5":{"start":{"line":3,"column":0},"end":{"line":null,"column":null}},"6":{"start":{"line":0,"column":0},"end":{"line":0,"column":0},"skip":true},"7":{"start":{"line":0,"column":0},"end":{"line":0,"column":0},"skip":true},"8":{"start":{"line":0,"column":0},"end":{"line":0,"column":0},"skip":true},"9":{"start":{"line":5,"column":0},"end":{"line":null,"column":null}},"10":{"start":{"line":7,"column":15},"end":{"line":null,"column":null}},"11":{"start":{"line":8,"column":15},"end":{"line":null,"column":null}},"12":{"start":{"line":9,"column":15},"end":{"line":null,"column":null}},"13":{"start":{"line":12,"column":15},"end":{"line":null,"column":null}},"14":{"start":{"line":12,"column":38},"end":{"line":null,"column":null}}},"branchMap":{"1":{"line":0,"type":"cond-expr","locations":[{"start":{"line":0,"column":0},"end":{"line":0,"column":0},"skip":true},{"start":{"line":0,"column":0},"end":{"line":0,"column":0},"skip":true}]},"2":{"line":0,"type":"binary-expr","locations":[{"start":{"line":0,"column":0},"end":{"line":0,"column":0},"skip":true},{"start":{"line":0,"column":0},"end":{"line":0,"column":0},"skip":true}]}}},"/home/sims05/Desktop/sequilize/server/api/routes/users.js":{"path":"/home/sims05/Desktop/sequilize/server/api/routes/users.js","s":{"1":1,"2":1,"3":1,"4":1,"5":1,"6":1,"7":1,"8":1,"9":3,"10":1,"11":1,"12":1,"13":1,"14":1,"15":1},"b":{"1":[1,2],"2":[3,3]},"f":{"1":3},"fnMap":{"1":{"name":"_interopRequireDefault","line":0,"loc":{"start":{"line":0,"column":0},"end":{"line":0,"column":0}},"skip":true}},"statementMap":{"1":{"start":{"line":0,"column":0},"end":{"line":0,"column":0},"skip":true},"2":{"start":{"line":1,"column":0},"end":{"line":null,"column":null}},"3":{"start":{"line":0,"column":0},"end":{"line":0,"column":0},"skip":true},"4":{"start":{"line":2,"column":0},"end":{"line":null,"column":null}},"5":{"start":{"line":0,"column":0},"end":{"line":0,"column":0},"skip":true},"6":{"start":{"line":3,"column":0},"end":{"line":null,"column":null}},"7":{"start":{"line":0,"column":0},"end":{"line":0,"column":0},"skip":true},"8":{"start":{"line":0,"column":0},"end":{"line":0,"column":0},"skip":true},"9":{"start":{"line":0,"column":0},"end":{"line":0,"column":0},"skip":true},"10":{"start":{"line":5,"column":0},"end":{"line":null,"column":null}},"11":{"start":{"line":6,"column":0},"end":{"line":null,"column":null}},"12":{"start":{"line":9,"column":0},"end":{"line":null,"column":null}},"13":{"start":{"line":12,"column":0},"end":{"line":null,"column":null}},"14":{"start":{"line":17,"column":0},"end":{"line":null,"column":null}},"15":{"start":{"line":21,"column":15},"end":{"line":null,"column":null}}},"branchMap":{"1":{"line":0,"type":"cond-expr","locations":[{"start":{"line":0,"column":0},"end":{"line":0,"column":0},"skip":true},{"start":{"line":0,"column":0},"end":{"line":0,"column":0},"skip":true}]},"2":{"line":0,"type":"binary-expr","locations":[{"start":{"line":0,"column":0},"end":{"line":0,"column":0},"skip":true},{"start":{"line":0,"column":0},"end":{"line":0,"column":0},"skip":true}]}}},"/home/sims05/Desktop/sequilize/server/api/controllers/usersController.js":{"path":"/home/sims05/Desktop/sequilize/server/api/controllers/usersController.js","s":{"1":1,"2":1,"3":1,"4":1,"5":1,"6":1,"7":1,"8":1,"9":3,"10":1,"11":8,"12":1,"13":1,"14":1,"15":2,"16":2,"17":1,"18":1,"19":1,"20":1,"21":1,"22":1,"23":1,"24":1,"25":0,"26":0,"27":0,"28":1,"29":9,"30":9,"31":1,"32":8,"33":7,"34":7,"35":7,"36":1,"37":0,"38":1,"39":2,"40":1,"41":1,"42":3,"43":0,"44":1,"45":1,"46":2,"47":1,"48":1,"49":1,"50":0,"51":1,"52":1,"53":2,"54":1,"55":1,"56":0,"57":1,"58":1,"59":2,"60":1,"61":1,"62":1,"63":0,"64":0,"65":1,"66":1,"67":1,"68":1,"69":0,"70":0,"71":1},"b":{"1":[1,2],"2":[3,3],"3":[1,1],"4":[1,8],"5":[7,1],"6":[1,1],"7":[1,1],"8":[2,1],"9":[1,1],"10":[2,2],"11":[1,1],"12":[2,2]},"f":{"1":3,"2":8,"3":1,"4":2,"5":2,"6":1,"7":1,"8":0,"9":0,"10":0,"11":9,"12":9,"13":0,"14":2,"15":1,"16":3,"17":0,"18":2,"19":1,"20":1,"21":0,"22":2,"23":1,"24":0,"25":2,"26":1,"27":1,"28":0,"29":0,"30":1,"31":1,"32":0,"33":0},"fnMap":{"1":{"name":"_interopRequireDefault","line":0,"loc":{"start":{"line":0,"column":0},"end":{"line":0,"column":0}},"skip":true},"2":{"name":"isValid","line":8,"loc":{"start":{"line":8,"column":16},"end":{"line":null,"column":null}}},"3":{"name":"createHash","line":14,"loc":{"start":{"line":14,"column":19},"end":{"line":null,"column":null}}},"4":{"name":"create","line":17,"loc":{"start":{"line":17,"column":15},"end":{"line":17,"column":29}}},"5":{"name":"(anonymous_5)","line":21,"loc":{"start":{"line":21,"column":10},"end":{"line":21,"column":23}}},"6":{"name":"(anonymous_6)","line":30,"loc":{"start":{"line":30,"column":14},"end":{"line":30,"column":26}}},"7":{"name":"(anonymous_7)","line":41,"loc":{"start":{"line":41,"column":16},"end":{"line":41,"column":34}}},"8":{"name":"(anonymous_8)","line":62,"loc":{"start":{"line":62,"column":17},"end":{"line":62,"column":23}}},"9":{"name":"(anonymous_9)","line":66,"loc":{"start":{"line":66,"column":15},"end":{"line":66,"column":21}}},"10":{"name":"(anonymous_10)","line":71,"loc":{"start":{"line":71,"column":11},"end":{"line":71,"column":17}}},"11":{"name":"login","line":77,"loc":{"start":{"line":77,"column":14},"end":{"line":77,"column":28}}},"12":{"name":"(anonymous_12)","line":87,"loc":{"start":{"line":87,"column":8},"end":{"line":87,"column":21}}},"13":{"name":"(anonymous_13)","line":111,"loc":{"start":{"line":111,"column":9},"end":{"line":111,"column":15}}},"14":{"name":"getAll","line":117,"loc":{"start":{"line":117,"column":15},"end":{"line":117,"column":29}}},"15":{"name":"(anonymous_15)","line":127,"loc":{"start":{"line":127,"column":10},"end":{"line":127,"column":23}}},"16":{"name":"(anonymous_16)","line":130,"loc":{"start":{"line":130,"column":13},"end":{"line":null,"column":null}}},"17":{"name":"(anonymous_17)","line":137,"loc":{"start":{"line":137,"column":11},"end":{"line":137,"column":17}}},"18":{"name":"getOne","line":146,"loc":{"start":{"line":146,"column":15},"end":{"line":146,"column":29}}},"19":{"name":"(anonymous_19)","line":157,"loc":{"start":{"line":157,"column":10},"end":{"line":157,"column":23}}},"20":{"name":"(anonymous_20)","line":160,"loc":{"start":{"line":160,"column":13},"end":{"line":null,"column":null}}},"21":{"name":"(anonymous_21)","line":167,"loc":{"start":{"line":167,"column":11},"end":{"line":167,"column":17}}},"22":{"name":"update","line":176,"loc":{"start":{"line":176,"column":15},"end":{"line":176,"column":29}}},"23":{"name":"(anonymous_23)","line":181,"loc":{"start":{"line":181,"column":10},"end":{"line":181,"column":16}}},"24":{"name":"(anonymous_24)","line":184,"loc":{"start":{"line":184,"column":11},"end":{"line":184,"column":18}}},"25":{"name":"remove","line":193,"loc":{"start":{"line":193,"column":15},"end":{"line":193,"column":29}}},"26":{"name":"(anonymous_26)","line":198,"loc":{"start":{"line":198,"column":10},"end":{"line":198,"column":16}}},"27":{"name":"(anonymous_27)","line":202,"loc":{"start":{"line":202,"column":12},"end":{"line":202,"column":18}}},"28":{"name":"(anonymous_28)","line":205,"loc":{"start":{"line":205,"column":13},"end":{"line":205,"column":19}}},"29":{"name":"(anonymous_29)","line":209,"loc":{"start":{"line":209,"column":11},"end":{"line":209,"column":17}}},"30":{"name":"getDocuments","line":218,"loc":{"start":{"line":218,"column":21},"end":{"line":218,"column":35}}},"31":{"name":"(anonymous_31)","line":222,"loc":{"start":{"line":222,"column":8},"end":{"line":222,"column":21}}},"32":{"name":"(anonymous_32)","line":223,"loc":{"start":{"line":223,"column":37},"end":{"line":null,"column":null}}},"33":{"name":"(anonymous_33)","line":228,"loc":{"start":{"line":228,"column":9},"end":{"line":228,"column":16}}}},"statementMap":{"1":{"start":{"line":0,"column":0},"end":{"line":0,"column":0},"skip":true},"2":{"start":{"line":1,"column":0},"end":{"line":null,"column":null}},"3":{"start":{"line":0,"column":0},"end":{"line":0,"column":0},"skip":true},"4":{"start":{"line":2,"column":0},"end":{"line":null,"column":null}},"5":{"start":{"line":0,"column":0},"end":{"line":0,"column":0},"skip":true},"6":{"start":{"line":3,"column":0},"end":{"line":null,"column":null}},"7":{"start":{"line":0,"column":0},"end":{"line":0,"column":0},"skip":true},"8":{"start":{"line":0,"column":0},"end":{"line":0,"column":0},"skip":true},"9":{"start":{"line":0,"column":0},"end":{"line":0,"column":0},"skip":true},"10":{"start":{"line":8,"column":0},"end":{"line":null,"column":null}},"11":{"start":{"line":9,"column":16},"end":{"line":null,"column":null}},"12":{"start":{"line":14,"column":0},"end":{"line":null,"column":null}},"13":{"start":{"line":14,"column":34},"end":{"line":null,"column":null}},"14":{"start":{"line":17,"column":0},"end":{"line":null,"column":null}},"15":{"start":{"line":18,"column":9},"end":{"line":null,"column":null}},"16":{"start":{"line":22,"column":10},"end":{"line":null,"column":null}},"17":{"start":{"line":23,"column":12},"end":{"line":null,"column":null}},"18":{"start":{"line":25,"column":15},"end":{"line":null,"column":null}},"19":{"start":{"line":29,"column":15},"end":{"line":null,"column":null}},"20":{"start":{"line":31,"column":16},"end":{"line":null,"column":null}},"21":{"start":{"line":36,"column":17},"end":{"line":null,"column":null}},"22":{"start":{"line":42,"column":18},"end":{"line":null,"column":null}},"23":{"start":{"line":46,"column":18},"end":{"line":null,"column":null}},"24":{"start":{"line":54,"column":16},"end":{"line":null,"column":null}},"25":{"start":{"line":63,"column":16},"end":{"line":null,"column":null}},"26":{"start":{"line":67,"column":14},"end":{"line":null,"column":null}},"27":{"start":{"line":72,"column":10},"end":{"line":null,"column":null}},"28":{"start":{"line":77,"column":0},"end":{"line":null,"column":null}},"29":{"start":{"line":78,"column":9},"end":{"line":null,"column":null}},"30":{"start":{"line":88,"column":8},"end":{"line":null,"column":null}},"31":{"start":{"line":89,"column":13},"end":{"line":null,"column":null}},"32":{"start":{"line":91,"column":8},"end":{"line":null,"column":null}},"33":{"start":{"line":92,"column":12},"end":{"line":null,"column":null}},"34":{"start":{"line":93,"column":12},"end":{"line":null,"column":null}},"35":{"start":{"line":101,"column":13},"end":{"line":null,"column":null}},"36":{"start":{"line":109,"column":11},"end":{"line":null,"column":null}},"37":{"start":{"line":112,"column":8},"end":{"line":null,"column":null}},"38":{"start":{"line":117,"column":0},"end":{"line":null,"column":null}},"39":{"start":{"line":118,"column":6},"end":{"line":null,"column":null}},"40":{"start":{"line":119,"column":11},"end":{"line":null,"column":null}},"41":{"start":{"line":128,"column":10},"end":{"line":null,"column":null}},"42":{"start":{"line":131,"column":10},"end":{"line":null,"column":null}},"43":{"start":{"line":138,"column":10},"end":{"line":null,"column":null}},"44":{"start":{"line":141,"column":8},"end":{"line":null,"column":null}},"45":{"start":{"line":146,"column":0},"end":{"line":null,"column":null}},"46":{"start":{"line":147,"column":6},"end":{"line":null,"column":null}},"47":{"start":{"line":148,"column":11},"end":{"line":null,"column":null}},"48":{"start":{"line":158,"column":10},"end":{"line":null,"column":null}},"49":{"start":{"line":161,"column":10},"end":{"line":null,"column":null}},"50":{"start":{"line":168,"column":10},"end":{"line":null,"column":null}},"51":{"start":{"line":171,"column":8},"end":{"line":null,"column":null}},"52":{"start":{"line":176,"column":0},"end":{"line":null,"column":null}},"53":{"start":{"line":177,"column":7},"end":{"line":null,"column":null}},"54":{"start":{"line":178,"column":11},"end":{"line":null,"column":null}},"55":{"start":{"line":182,"column":10},"end":{"line":null,"column":null}},"56":{"start":{"line":185,"column":10},"end":{"line":null,"column":null}},"57":{"start":{"line":188,"column":8},"end":{"line":null,"column":null}},"58":{"start":{"line":193,"column":0},"end":{"line":null,"column":null}},"59":{"start":{"line":194,"column":7},"end":{"line":null,"column":null}},"60":{"start":{"line":195,"column":11},"end":{"line":null,"column":null}},"61":{"start":{"line":199,"column":13},"end":{"line":null,"column":null}},"62":{"start":{"line":203,"column":12},"end":{"line":null,"column":null}},"63":{"start":{"line":206,"column":12},"end":{"line":null,"column":null}},"64":{"start":{"line":210,"column":10},"end":{"line":null,"column":null}},"65":{"start":{"line":213,"column":8},"end":{"line":null,"column":null}},"66":{"start":{"line":218,"column":0},"end":{"line":null,"column":null}},"67":{"start":{"line":219,"column":9},"end":{"line":null,"column":null}},"68":{"start":{"line":223,"column":8},"end":{"line":null,"column":null}},"69":{"start":{"line":224,"column":6},"end":{"line":null,"column":null}},"70":{"start":{"line":229,"column":8},"end":{"line":null,"column":null}},"71":{"start":{"line":233,"column":15},"end":{"line":null,"column":null}}},"branchMap":{"1":{"line":0,"type":"cond-expr","locations":[{"start":{"line":0,"column":0},"end":{"line":0,"column":0},"skip":true},{"start":{"line":0,"column":0},"end":{"line":0,"column":0},"skip":true}]},"2":{"line":0,"type":"binary-expr","locations":[{"start":{"line":0,"column":0},"end":{"line":0,"column":0},"skip":true},{"start":{"line":0,"column":0},"end":{"line":0,"column":0},"skip":true}]},"3":{"line":22,"type":"if","locations":[{"start":{"line":22,"column":10},"end":{"line":22,"column":10}},{"start":{"line":22,"column":10},"end":{"line":22,"column":10}}]},"4":{"line":88,"type":"if","locations":[{"start":{"line":88,"column":8},"end":{"line":88,"column":8}},{"start":{"line":88,"column":8},"end":{"line":88,"column":8}}]},"5":{"line":91,"type":"if","locations":[{"start":{"line":91,"column":8},"end":{"line":91,"column":8}},{"start":{"line":91,"column":8},"end":{"line":91,"column":8}}]},"6":{"line":118,"type":"if","locations":[{"start":{"line":118,"column":6},"end":{"line":118,"column":6}},{"start":{"line":118,"column":6},"end":{"line":118,"column":6}}]},"7":{"line":147,"type":"if","locations":[{"start":{"line":147,"column":6},"end":{"line":147,"column":6}},{"start":{"line":147,"column":6},"end":{"line":147,"column":6}}]},"8":{"line":147,"type":"binary-expr","locations":[{"start":{"line":147,"column":6},"end":{"line":147,"column":6}},{"start":{"line":147,"column":60},"end":{"line":147,"column":2}}]},"9":{"line":177,"type":"if","locations":[{"start":{"line":177,"column":7},"end":{"line":177,"column":7}},{"start":{"line":177,"column":7},"end":{"line":177,"column":7}}]},"10":{"line":177,"type":"binary-expr","locations":[{"start":{"line":177,"column":7},"end":{"line":177,"column":6}},{"start":{"line":177,"column":48},"end":{"line":177,"column":2}}]},"11":{"line":194,"type":"if","locations":[{"start":{"line":194,"column":7},"end":{"line":194,"column":7}},{"start":{"line":194,"column":7},"end":{"line":194,"column":7}}]},"12":{"line":194,"type":"binary-expr","locations":[{"start":{"line":194,"column":7},"end":{"line":194,"column":6}},{"start":{"line":194,"column":48},"end":{"line":194,"column":2}}]}}},"/home/sims05/Desktop/sequilize/server/models/index.js":{"path":"/home/sims05/Desktop/sequilize/server/models/index.js","s":{"1":1,"2":1,"3":1,"4":1,"5":1,"6":1,"7":1,"8":1,"9":1,"10":1,"11":1,"12":0,"13":1,"14":1,"15":1,"16":3,"17":3,"18":1,"19":1,"20":1,"21":3,"22":1,"23":1,"24":1,"25":1,"26":1,"27":1,"28":0,"29":1,"30":1,"31":4,"32":3,"33":3,"34":1,"35":3,"36":3,"37":1,"38":1,"39":1},"b":{"1":[0,1],"2":[1,1],"3":[1,0],"4":[3,0],"5":[0,3],"6":[3,3],"7":[1,1],"8":[0,1],"9":[4,4,3],"10":[3,0]},"f":{"1":1,"2":3,"3":4,"4":3,"5":3},"fnMap":{"1":{"name":"_interopRequireWildcard","line":0,"loc":{"start":{"line":0,"column":0},"end":{"line":0,"column":0}},"skip":true},"2":{"name":"_interopRequireDefault","line":0,"loc":{"start":{"line":0,"column":0},"end":{"line":0,"column":0}},"skip":true},"3":{"name":"(anonymous_3)","line":19,"loc":{"start":{"line":19,"column":33},"end":{"line":null,"column":null}}},"4":{"name":"(anonymous_4)","line":20,"loc":{"start":{"line":20,"column":88},"end":{"line":20,"column":98}}},"5":{"name":"(anonymous_5)","line":25,"loc":{"start":{"line":25,"column":24},"end":{"line":25,"column":39}}}},"statementMap":{"1":{"start":{"line":0,"column":0},"end":{"line":0,"column":0},"skip":true},"2":{"start":{"line":1,"column":0},"end":{"line":null,"column":null}},"3":{"start":{"line":0,"column":0},"end":{"line":0,"column":0},"skip":true},"4":{"start":{"line":2,"column":0},"end":{"line":null,"column":null}},"5":{"start":{"line":0,"column":0},"end":{"line":0,"column":0},"skip":true},"6":{"start":{"line":3,"column":0},"end":{"line":null,"column":null}},"7":{"start":{"line":0,"column":0},"end":{"line":0,"column":0},"skip":true},"8":{"start":{"line":4,"column":0},"end":{"line":null,"column":null}},"9":{"start":{"line":4,"column":12},"end":{"line":null,"column":null}},"10":{"start":{"line":0,"column":0},"end":{"line":0,"column":0},"skip":true},"11":{"start":{"line":0,"column":0},"end":{"line":0,"column":0},"skip":true},"12":{"start":{"line":0,"column":0},"end":{"line":0,"column":0},"skip":true},"13":{"start":{"line":0,"column":0},"end":{"line":0,"column":0},"skip":true},"14":{"start":{"line":0,"column":0},"end":{"line":0,"column":0},"skip":true},"15":{"start":{"line":0,"column":0},"end":{"line":0,"column":0},"skip":true},"16":{"start":{"line":0,"column":0},"end":{"line":0,"column":0},"skip":true},"17":{"start":{"line":0,"column":0},"end":{"line":0,"column":0},"skip":true},"18":{"start":{"line":0,"column":0},"end":{"line":0,"column":0},"skip":true},"19":{"start":{"line":0,"column":0},"end":{"line":0,"column":0},"skip":true},"20":{"start":{"line":0,"column":0},"end":{"line":0,"column":0},"skip":true},"21":{"start":{"line":0,"column":0},"end":{"line":0,"column":0},"skip":true},"22":{"start":{"line":6,"column":0},"end":{"line":null,"column":null}},"23":{"start":{"line":7,"column":0},"end":{"line":null,"column":null}},"24":{"start":{"line":9,"column":0},"end":{"line":null,"column":null}},"25":{"start":{"line":10,"column":0},"end":{"line":null,"column":null}},"26":{"start":{"line":11,"column":0},"end":{"line":null,"column":null}},"27":{"start":{"line":13,"column":0},"end":{"line":null,"column":null}},"28":{"start":{"line":14,"column":14},"end":{"line":null,"column":null}},"29":{"start":{"line":16,"column":14},"end":{"line":null,"column":null}},"30":{"start":{"line":19,"column":0},"end":{"line":null,"column":null}},"31":{"start":{"line":20,"column":1},"end":{"line":null,"column":null}},"32":{"start":{"line":21,"column":8},"end":{"line":null,"column":null}},"33":{"start":{"line":22,"column":5},"end":{"line":null,"column":null}},"34":{"start":{"line":25,"column":0},"end":{"line":null,"column":null}},"35":{"start":{"line":26,"column":6},"end":{"line":null,"column":null}},"36":{"start":{"line":27,"column":7},"end":{"line":null,"column":null}},"37":{"start":{"line":31,"column":0},"end":{"line":null,"column":null}},"38":{"start":{"line":32,"column":0},"end":{"line":null,"column":null}},"39":{"start":{"line":34,"column":15},"end":{"line":null,"column":null}}},"branchMap":{"1":{"line":0,"type":"if","locations":[{"start":{"line":0,"column":0},"end":{"line":0,"column":0},"skip":true},{"start":{"line":0,"column":0},"end":{"line":0,"column":0},"skip":true}]},"2":{"line":0,"type":"binary-expr","locations":[{"start":{"line":0,"column":0},"end":{"line":0,"column":0},"skip":true},{"start":{"line":0,"column":0},"end":{"line":0,"column":0},"skip":true}]},"3":{"line":0,"type":"if","locations":[{"start":{"line":0,"column":0},"end":{"line":0,"column":0},"skip":true},{"start":{"line":0,"column":0},"end":{"line":0,"column":0},"skip":true}]},"4":{"line":0,"type":"if","locations":[{"start":{"line":0,"column":0},"end":{"line":0,"column":0},"skip":true},{"start":{"line":0,"column":0},"end":{"line":0,"column":0},"skip":true}]},"5":{"line":0,"type":"cond-expr","locations":[{"start":{"line":0,"column":0},"end":{"line":0,"column":0},"skip":true},{"start":{"line":0,"column":0},"end":{"line":0,"column":0},"skip":true}]},"6":{"line":0,"type":"binary-expr","locations":[{"start":{"line":0,"column":0},"end":{"line":0,"column":0},"skip":true},{"start":{"line":0,"column":0},"end":{"line":0,"column":0},"skip":true}]},"7":{"line":6,"type":"binary-expr","locations":[{"start":{"line":6,"column":12},"end":{"line":6,"column":12}},{"start":{"line":6,"column":36},"end":{"line":6,"column":0}}]},"8":{"line":13,"type":"if","locations":[{"start":{"line":13,"column":0},"end":{"line":13,"column":0}},{"start":{"line":13,"column":0},"end":{"line":13,"column":0}}]},"9":{"line":20,"type":"binary-expr","locations":[{"start":{"line":20,"column":1},"end":{"line":20,"column":0}},{"start":{"line":20,"column":30},"end":{"line":20,"column":0}},{"start":{"line":20,"column":53},"end":{"line":19,"column":33}}]},"10":{"line":26,"type":"if","locations":[{"start":{"line":26,"column":6},"end":{"line":26,"column":6}},{"start":{"line":26,"column":6},"end":{"line":26,"column":6}}]}}},"/home/sims05/Desktop/sequilize/server/models/documents.js":{"path":"/home/sims05/Desktop/sequilize/server/models/documents.js","s":{"1":1,"2":1,"3":1,"4":1,"5":1,"6":1,"7":1},"b":{},"f":{"1":1,"2":1},"fnMap":{"1":{"name":"(anonymous_1)","line":1,"loc":{"start":{"line":1,"column":14},"end":{"line":1,"column":40}}},"2":{"name":"associate","line":30,"loc":{"start":{"line":30,"column":17},"end":{"line":30,"column":29}}}},"statementMap":{"1":{"start":{"line":0,"column":0},"end":{"line":0,"column":0},"skip":true},"2":{"start":{"line":1,"column":14},"end":{"line":null,"column":null}},"3":{"start":{"line":2,"column":8},"end":{"line":null,"column":null}},"4":{"start":{"line":31,"column":18},"end":{"line":null,"column":null}},"5":{"start":{"line":39,"column":18},"end":{"line":null,"column":null}},"6":{"start":{"line":48,"column":12},"end":{"line":null,"column":null}},"7":{"start":{"line":49,"column":9},"end":{"line":null,"column":null}}},"branchMap":{}},"/home/sims05/Desktop/sequilize/server/models/roles.js":{"path":"/home/sims05/Desktop/sequilize/server/models/roles.js","s":{"1":1,"2":1,"3":1,"4":1,"5":1,"6":1,"7":1},"b":{},"f":{"1":1,"2":1},"fnMap":{"1":{"name":"(anonymous_1)","line":1,"loc":{"start":{"line":1,"column":15},"end":{"line":1,"column":41}}},"2":{"name":"associate","line":22,"loc":{"start":{"line":22,"column":17},"end":{"line":22,"column":29}}}},"statementMap":{"1":{"start":{"line":0,"column":0},"end":{"line":0,"column":0},"skip":true},"2":{"start":{"line":1,"column":15},"end":{"line":null,"column":null}},"3":{"start":{"line":2,"column":8},"end":{"line":null,"column":null}},"4":{"start":{"line":23,"column":14},"end":{"line":null,"column":null}},"5":{"start":{"line":24,"column":14},"end":{"line":null,"column":null}},"6":{"start":{"line":28,"column":12},"end":{"line":null,"column":null}},"7":{"start":{"line":29,"column":9},"end":{"line":null,"column":null}}},"branchMap":{}},"/home/sims05/Desktop/sequilize/server/models/users.js":{"path":"/home/sims05/Desktop/sequilize/server/models/users.js","s":{"1":1,"2":1,"3":1,"4":1,"5":1,"6":1,"7":1},"b":{},"f":{"1":1,"2":1},"fnMap":{"1":{"name":"(anonymous_1)","line":1,"loc":{"start":{"line":1,"column":15},"end":{"line":1,"column":41}}},"2":{"name":"associate","line":39,"loc":{"start":{"line":39,"column":17},"end":{"line":39,"column":29}}}},"statementMap":{"1":{"start":{"line":0,"column":0},"end":{"line":0,"column":0},"skip":true},"2":{"start":{"line":1,"column":15},"end":{"line":null,"column":null}},"3":{"start":{"line":2,"column":8},"end":{"line":null,"column":null}},"4":{"start":{"line":40,"column":14},"end":{"line":null,"column":null}},"5":{"start":{"line":47,"column":14},"end":{"line":null,"column":null}},"6":{"start":{"line":51,"column":12},"end":{"line":null,"column":null}},"7":{"start":{"line":52,"column":9},"end":{"line":null,"column":null}}},"branchMap":{}},"/home/sims05/Desktop/sequilize/server/api/middlewares/auth.js":{"path":"/home/sims05/Desktop/sequilize/server/api/middlewares/auth.js","s":{"1":1,"2":1,"3":1,"4":1,"5":1,"6":21,"7":21,"8":20,"9":20,"10":1,"11":19,"12":19,"13":1},"b":{"1":[0,1],"2":[1,1],"3":[20,1],"4":[1,19]},"f":{"1":1,"2":21,"3":20},"fnMap":{"1":{"name":"_interopRequireDefault","line":0,"loc":{"start":{"line":0,"column":0},"end":{"line":0,"column":0}},"skip":true},"2":{"name":"authorize","line":4,"loc":{"start":{"line":4,"column":13},"end":{"line":4,"column":33}}},"3":{"name":"(anonymous_3)","line":7,"loc":{"start":{"line":7,"column":46},"end":{"line":7,"column":64}}}},"statementMap":{"1":{"start":{"line":1,"column":0},"end":{"line":null,"column":null}},"2":{"start":{"line":0,"column":0},"end":{"line":0,"column":0},"skip":true},"3":{"start":{"line":0,"column":0},"end":{"line":0,"column":0},"skip":true},"4":{"start":{"line":0,"column":0},"end":{"line":0,"column":0},"skip":true},"5":{"start":{"line":3,"column":0},"end":{"line":null,"column":null}},"6":{"start":{"line":5,"column":10},"end":{"line":null,"column":null}},"7":{"start":{"line":6,"column":8},"end":{"line":null,"column":null}},"8":{"start":{"line":7,"column":13},"end":{"line":null,"column":null}},"9":{"start":{"line":8,"column":12},"end":{"line":null,"column":null}},"10":{"start":{"line":9,"column":17},"end":{"line":null,"column":null}},"11":{"start":{"line":11,"column":15},"end":{"line":null,"column":null}},"12":{"start":{"line":14,"column":15},"end":{"line":null,"column":null}},"13":{"start":{"line":17,"column":11},"end":{"line":null,"column":null}}},"branchMap":{"1":{"line":0,"type":"cond-expr","locations":[{"start":{"line":0,"column":0},"end":{"line":0,"column":0},"skip":true},{"start":{"line":0,"column":0},"end":{"line":0,"column":0},"skip":true}]},"2":{"line":0,"type":"binary-expr","locations":[{"start":{"line":0,"column":0},"end":{"line":0,"column":0},"skip":true},{"start":{"line":0,"column":0},"end":{"line":0,"column":0},"skip":true}]},"3":{"line":6,"type":"if","locations":[{"start":{"line":6,"column":8},"end":{"line":6,"column":8}},{"start":{"line":6,"column":8},"end":{"line":6,"column":8}}]},"4":{"line":8,"type":"if","locations":[{"start":{"line":8,"column":12},"end":{"line":8,"column":12}},{"start":{"line":8,"column":12},"end":{"line":8,"column":12}}]}}},"/home/sims05/Desktop/sequilize/server/api/routes/roles.js":{"path":"/home/sims05/Desktop/sequilize/server/api/routes/roles.js","s":{"1":1,"2":1,"3":1,"4":1,"5":1,"6":1,"7":1,"8":1,"9":3,"10":1,"11":1,"12":1,"13":1},"b":{"1":[1,2],"2":[3,3]},"f":{"1":3},"fnMap":{"1":{"name":"_interopRequireDefault","line":0,"loc":{"start":{"line":0,"column":0},"end":{"line":0,"column":0}},"skip":true}},"statementMap":{"1":{"start":{"line":0,"column":0},"end":{"line":0,"column":0},"skip":true},"2":{"start":{"line":1,"column":0},"end":{"line":null,"column":null}},"3":{"start":{"line":0,"column":0},"end":{"line":0,"column":0},"skip":true},"4":{"start":{"line":2,"column":0},"end":{"line":null,"column":null}},"5":{"start":{"line":0,"column":0},"end":{"line":0,"column":0},"skip":true},"6":{"start":{"line":3,"column":0},"end":{"line":null,"column":null}},"7":{"start":{"line":0,"column":0},"end":{"line":0,"column":0},"skip":true},"8":{"start":{"line":0,"column":0},"end":{"line":0,"column":0},"skip":true},"9":{"start":{"line":0,"column":0},"end":{"line":0,"column":0},"skip":true},"10":{"start":{"line":5,"column":0},"end":{"line":null,"column":null}},"11":{"start":{"line":7,"column":0},"end":{"line":null,"column":null}},"12":{"start":{"line":11,"column":0},"end":{"line":null,"column":null}},"13":{"start":{"line":15,"column":15},"end":{"line":null,"column":null}}},"branchMap":{"1":{"line":0,"type":"cond-expr","locations":[{"start":{"line":0,"column":0},"end":{"line":0,"column":0},"skip":true},{"start":{"line":0,"column":0},"end":{"line":0,"column":0},"skip":true}]},"2":{"line":0,"type":"binary-expr","locations":[{"start":{"line":0,"column":0},"end":{"line":0,"column":0},"skip":true},{"start":{"line":0,"column":0},"end":{"line":0,"column":0},"skip":true}]}}},"/home/sims05/Desktop/sequilize/server/api/controllers/rolesController.js":{"path":"/home/sims05/Desktop/sequilize/server/api/controllers/rolesController.js","s":{"1":1,"2":1,"3":1,"4":1,"5":1,"6":1,"7":2,"8":1,"9":1,"10":0,"11":1,"12":1,"13":1,"14":1,"15":3,"16":0,"17":1,"18":1,"19":1,"20":1,"21":0,"22":1},"b":{"1":[1,0],"2":[1,1],"3":[1,1]},"f":{"1":1,"2":2,"3":1,"4":0,"5":1,"6":1,"7":3,"8":0,"9":1,"10":1,"11":1,"12":0},"fnMap":{"1":{"name":"_interopRequireDefault","line":0,"loc":{"start":{"line":0,"column":0},"end":{"line":0,"column":0}},"skip":true},"2":{"name":"create","line":4,"loc":{"start":{"line":4,"column":15},"end":{"line":4,"column":29}}},"3":{"name":"(anonymous_3)","line":7,"loc":{"start":{"line":7,"column":10},"end":{"line":7,"column":22}}},"4":{"name":"(anonymous_4)","line":16,"loc":{"start":{"line":16,"column":11},"end":{"line":16,"column":18}}},"5":{"name":"getAll","line":25,"loc":{"start":{"line":25,"column":15},"end":{"line":25,"column":29}}},"6":{"name":"(anonymous_6)","line":27,"loc":{"start":{"line":27,"column":8},"end":{"line":27,"column":21}}},"7":{"name":"(anonymous_7)","line":28,"loc":{"start":{"line":28,"column":37},"end":{"line":null,"column":null}}},"8":{"name":"(anonymous_8)","line":33,"loc":{"start":{"line":33,"column":9},"end":{"line":33,"column":16}}},"9":{"name":"getOne","line":39,"loc":{"start":{"line":39,"column":15},"end":{"line":39,"column":29}}},"10":{"name":"(anonymous_10)","line":43,"loc":{"start":{"line":43,"column":8},"end":{"line":43,"column":21}}},"11":{"name":"(anonymous_11)","line":44,"loc":{"start":{"line":44,"column":37},"end":{"line":null,"column":null}}},"12":{"name":"(anonymous_12)","line":49,"loc":{"start":{"line":49,"column":9},"end":{"line":49,"column":16}}}},"statementMap":{"1":{"start":{"line":0,"column":0},"end":{"line":0,"column":0},"skip":true},"2":{"start":{"line":1,"column":0},"end":{"line":null,"column":null}},"3":{"start":{"line":0,"column":0},"end":{"line":0,"column":0},"skip":true},"4":{"start":{"line":0,"column":0},"end":{"line":0,"column":0},"skip":true},"5":{"start":{"line":0,"column":0},"end":{"line":0,"column":0},"skip":true},"6":{"start":{"line":4,"column":0},"end":{"line":null,"column":null}},"7":{"start":{"line":5,"column":6},"end":{"line":null,"column":null}},"8":{"start":{"line":6,"column":11},"end":{"line":null,"column":null}},"9":{"start":{"line":8,"column":10},"end":{"line":null,"column":null}},"10":{"start":{"line":17,"column":10},"end":{"line":null,"column":null}},"11":{"start":{"line":20,"column":8},"end":{"line":null,"column":null}},"12":{"start":{"line":25,"column":0},"end":{"line":null,"column":null}},"13":{"start":{"line":26,"column":9},"end":{"line":null,"column":null}},"14":{"start":{"line":28,"column":8},"end":{"line":null,"column":null}},"15":{"start":{"line":29,"column":6},"end":{"line":null,"column":null}},"16":{"start":{"line":34,"column":8},"end":{"line":null,"column":null}},"17":{"start":{"line":39,"column":0},"end":{"line":null,"column":null}},"18":{"start":{"line":40,"column":9},"end":{"line":null,"column":null}},"19":{"start":{"line":44,"column":8},"end":{"line":null,"column":null}},"20":{"start":{"line":45,"column":6},"end":{"line":null,"column":null}},"21":{"start":{"line":50,"column":8},"end":{"line":null,"column":null}},"22":{"start":{"line":54,"column":15},"end":{"line":null,"column":null}}},"branchMap":{"1":{"line":0,"type":"cond-expr","locations":[{"start":{"line":0,"column":0},"end":{"line":0,"column":0},"skip":true},{"start":{"line":0,"column":0},"end":{"line":0,"column":0},"skip":true}]},"2":{"line":0,"type":"binary-expr","locations":[{"start":{"line":0,"column":0},"end":{"line":0,"column":0},"skip":true},{"start":{"line":0,"column":0},"end":{"line":0,"column":0},"skip":true}]},"3":{"line":5,"type":"if","locations":[{"start":{"line":5,"column":6},"end":{"line":5,"column":6}},{"start":{"line":5,"column":6},"end":{"line":5,"column":6}}]}}},"/home/sims05/Desktop/sequilize/server/api/routes/documents.js":{"path":"/home/sims05/Desktop/sequilize/server/api/routes/documents.js","s":{"1":1,"2":1,"3":1,"4":1,"5":1,"6":1,"7":1,"8":1,"9":3,"10":1,"11":1,"12":1,"13":1},"b":{"1":[1,2],"2":[3,3]},"f":{"1":3},"fnMap":{"1":{"name":"_interopRequireDefault","line":0,"loc":{"start":{"line":0,"column":0},"end":{"line":0,"column":0}},"skip":true}},"statementMap":{"1":{"start":{"line":0,"column":0},"end":{"line":0,"column":0},"skip":true},"2":{"start":{"line":1,"column":0},"end":{"line":null,"column":null}},"3":{"start":{"line":0,"column":0},"end":{"line":0,"column":0},"skip":true},"4":{"start":{"line":2,"column":0},"end":{"line":null,"column":null}},"5":{"start":{"line":0,"column":0},"end":{"line":0,"column":0},"skip":true},"6":{"start":{"line":3,"column":0},"end":{"line":null,"column":null}},"7":{"start":{"line":0,"column":0},"end":{"line":0,"column":0},"skip":true},"8":{"start":{"line":0,"column":0},"end":{"line":0,"column":0},"skip":true},"9":{"start":{"line":0,"column":0},"end":{"line":0,"column":0},"skip":true},"10":{"start":{"line":5,"column":0},"end":{"line":null,"column":null}},"11":{"start":{"line":7,"column":0},"end":{"line":null,"column":null}},"12":{"start":{"line":11,"column":0},"end":{"line":null,"column":null}},"13":{"start":{"line":17,"column":15},"end":{"line":null,"column":null}}},"branchMap":{"1":{"line":0,"type":"cond-expr","locations":[{"start":{"line":0,"column":0},"end":{"line":0,"column":0},"skip":true},{"start":{"line":0,"column":0},"end":{"line":0,"column":0},"skip":true}]},"2":{"line":0,"type":"binary-expr","locations":[{"start":{"line":0,"column":0},"end":{"line":0,"column":0},"skip":true},{"start":{"line":0,"column":0},"end":{"line":0,"column":0},"skip":true}]}}},"/home/sims05/Desktop/sequilize/server/api/controllers/documentsController.js":{"path":"/home/sims05/Desktop/sequilize/server/api/controllers/documentsController.js","s":{"1":1,"2":1,"3":1,"4":1,"5":1,"6":1,"7":1,"8":1,"9":1,"10":1,"11":0,"12":1,"13":2,"14":2,"15":8,"16":8,"17":2,"18":6,"19":2,"20":4,"21":0,"22":1,"23":3,"24":3,"25":3,"26":3,"27":0,"28":3,"29":0,"30":3,"31":0,"32":1,"33":1,"34":1,"35":0,"36":1,"37":1,"38":1,"39":0,"40":1},"b":{"1":[1,0],"2":[1,1],"3":[2,6],"4":[2,4],"5":[0,3],"6":[0,3]},"f":{"1":1,"2":1,"3":1,"4":0,"5":2,"6":2,"7":8,"8":8,"9":0,"10":3,"11":3,"12":3,"13":3,"14":0,"15":1,"16":1,"17":0,"18":1,"19":1,"20":0},"fnMap":{"1":{"name":"_interopRequireDefault","line":0,"loc":{"start":{"line":0,"column":0},"end":{"line":0,"column":0}},"skip":true},"2":{"name":"create","line":4,"loc":{"start":{"line":4,"column":15},"end":{"line":4,"column":29}}},"3":{"name":"(anonymous_3)","line":14,"loc":{"start":{"line":14,"column":8},"end":{"line":14,"column":20}}},"4":{"name":"(anonymous_4)","line":23,"loc":{"start":{"line":23,"column":9},"end":{"line":23,"column":16}}},"5":{"name":"getAll","line":29,"loc":{"start":{"line":29,"column":15},"end":{"line":29,"column":29}}},"6":{"name":"(anonymous_6)","line":38,"loc":{"start":{"line":38,"column":8},"end":{"line":38,"column":21}}},"7":{"name":"(anonymous_7)","line":41,"loc":{"start":{"line":41,"column":11},"end":{"line":null,"column":null}}},"8":{"name":"(anonymous_8)","line":46,"loc":{"start":{"line":46,"column":14},"end":{"line":46,"column":26}}},"9":{"name":"(anonymous_9)","line":56,"loc":{"start":{"line":56,"column":9},"end":{"line":56,"column":16}}},"10":{"name":"getOne","line":62,"loc":{"start":{"line":62,"column":15},"end":{"line":62,"column":29}}},"11":{"name":"(anonymous_11)","line":72,"loc":{"start":{"line":72,"column":8},"end":{"line":72,"column":21}}},"12":{"name":"(anonymous_12)","line":75,"loc":{"start":{"line":75,"column":11},"end":{"line":null,"column":null}}},"13":{"name":"(anonymous_13)","line":80,"loc":{"start":{"line":80,"column":14},"end":{"line":80,"column":26}}},"14":{"name":"(anonymous_14)","line":90,"loc":{"start":{"line":90,"column":9},"end":{"line":90,"column":16}}},"15":{"name":"update","line":96,"loc":{"start":{"line":96,"column":15},"end":{"line":96,"column":29}}},"16":{"name":"(anonymous_16)","line":100,"loc":{"start":{"line":100,"column":8},"end":{"line":100,"column":14}}},"17":{"name":"(anonymous_17)","line":103,"loc":{"start":{"line":103,"column":9},"end":{"line":103,"column":16}}},"18":{"name":"remove","line":109,"loc":{"start":{"line":109,"column":15},"end":{"line":109,"column":29}}},"19":{"name":"(anonymous_19)","line":113,"loc":{"start":{"line":113,"column":8},"end":{"line":113,"column":14}}},"20":{"name":"(anonymous_20)","line":116,"loc":{"start":{"line":116,"column":9},"end":{"line":116,"column":15}}}},"statementMap":{"1":{"start":{"line":0,"column":0},"end":{"line":0,"column":0},"skip":true},"2":{"start":{"line":1,"column":0},"end":{"line":null,"column":null}},"3":{"start":{"line":0,"column":0},"end":{"line":0,"column":0},"skip":true},"4":{"start":{"line":0,"column":0},"end":{"line":0,"column":0},"skip":true},"5":{"start":{"line":0,"column":0},"end":{"line":0,"column":0},"skip":true},"6":{"start":{"line":4,"column":0},"end":{"line":null,"column":null}},"7":{"start":{"line":5,"column":8},"end":{"line":null,"column":null}},"8":{"start":{"line":11,"column":9},"end":{"line":null,"column":null}},"9":{"start":{"line":13,"column":9},"end":{"line":null,"column":null}},"10":{"start":{"line":15,"column":8},"end":{"line":null,"column":null}},"11":{"start":{"line":24,"column":8},"end":{"line":null,"column":null}},"12":{"start":{"line":29,"column":0},"end":{"line":null,"column":null}},"13":{"start":{"line":30,"column":9},"end":{"line":null,"column":null}},"14":{"start":{"line":39,"column":8},"end":{"line":null,"column":null}},"15":{"start":{"line":42,"column":8},"end":{"line":null,"column":null}},"16":{"start":{"line":47,"column":12},"end":{"line":null,"column":null}},"17":{"start":{"line":48,"column":17},"end":{"line":null,"column":null}},"18":{"start":{"line":49,"column":15},"end":{"line":null,"column":null}},"19":{"start":{"line":50,"column":17},"end":{"line":null,"column":null}},"20":{"start":{"line":52,"column":15},"end":{"line":null,"column":null}},"21":{"start":{"line":57,"column":8},"end":{"line":null,"column":null}},"22":{"start":{"line":62,"column":0},"end":{"line":null,"column":null}},"23":{"start":{"line":63,"column":9},"end":{"line":null,"column":null}},"24":{"start":{"line":73,"column":8},"end":{"line":null,"column":null}},"25":{"start":{"line":76,"column":8},"end":{"line":null,"column":null}},"26":{"start":{"line":81,"column":12},"end":{"line":null,"column":null}},"27":{"start":{"line":82,"column":17},"end":{"line":null,"column":null}},"28":{"start":{"line":83,"column":15},"end":{"line":null,"column":null}},"29":{"start":{"line":84,"column":17},"end":{"line":null,"column":null}},"30":{"start":{"line":86,"column":15},"end":{"line":null,"column":null}},"31":{"start":{"line":91,"column":8},"end":{"line":null,"column":null}},"32":{"start":{"line":96,"column":0},"end":{"line":null,"column":null}},"33":{"start":{"line":97,"column":9},"end":{"line":null,"column":null}},"34":{"start":{"line":101,"column":8},"end":{"line":null,"column":null}},"35":{"start":{"line":104,"column":8},"end":{"line":null,"column":null}},"36":{"start":{"line":109,"column":0},"end":{"line":null,"column":null}},"37":{"start":{"line":110,"column":9},"end":{"line":null,"column":null}},"38":{"start":{"line":114,"column":8},"end":{"line":null,"column":null}},"39":{"start":{"line":117,"column":8},"end":{"line":null,"column":null}},"40":{"start":{"line":121,"column":15},"end":{"line":null,"column":null}}},"branchMap":{"1":{"line":0,"type":"cond-expr","locations":[{"start":{"line":0,"column":0},"end":{"line":0,"column":0},"skip":true},{"start":{"line":0,"column":0},"end":{"line":0,"column":0},"skip":true}]},"2":{"line":0,"type":"binary-expr","locations":[{"start":{"line":0,"column":0},"end":{"line":0,"column":0},"skip":true},{"start":{"line":0,"column":0},"end":{"line":0,"column":0},"skip":true}]},"3":{"line":47,"type":"if","locations":[{"start":{"line":47,"column":12},"end":{"line":47,"column":12}},{"start":{"line":47,"column":12},"end":{"line":47,"column":12}}]},"4":{"line":49,"type":"if","locations":[{"start":{"line":49,"column":15},"end":{"line":49,"column":15}},{"start":{"line":49,"column":15},"end":{"line":49,"column":15}}]},"5":{"line":81,"type":"if","locations":[{"start":{"line":81,"column":12},"end":{"line":81,"column":12}},{"start":{"line":81,"column":12},"end":{"line":81,"column":12}}]},"6":{"line":83,"type":"if","locations":[{"start":{"line":83,"column":15},"end":{"line":83,"column":15}},{"start":{"line":83,"column":15},"end":{"line":83,"column":15}}]}}},"/home/sims05/Desktop/sequilize/spec/server-tests/loginusers.js":{"path":"/home/sims05/Desktop/sequilize/spec/server-tests/loginusers.js","s":{"1":1,"2":1,"3":1,"4":1,"5":1,"6":1,"7":1,"8":1,"9":3,"10":3,"11":3,"12":3,"13":3,"14":3,"15":3,"16":0,"17":3,"18":3,"19":3,"20":3,"21":3,"22":3,"23":3},"b":{"1":[0,1],"2":[1,1],"3":[3,0],"4":[3,0]},"f":{"1":1,"2":1,"3":3,"4":3,"5":3,"6":3,"7":3},"fnMap":{"1":{"name":"_interopRequireDefault","line":0,"loc":{"start":{"line":0,"column":0},"end":{"line":0,"column":0}},"skip":true},"2":{"name":"fakeToken","line":8,"loc":{"start":{"line":8,"column":13},"end":{"line":8,"column":19}}},"3":{"name":"login","line":19,"loc":{"start":{"line":19,"column":9},"end":{"line":19,"column":31}}},"4":{"name":"loginAdmin","line":21,"loc":{"start":{"line":21,"column":23},"end":{"line":21,"column":29}}},"5":{"name":"(anonymous_5)","line":26,"loc":{"start":{"line":26,"column":11},"end":{"line":26,"column":25}}},"6":{"name":"loginRegular","line":38,"loc":{"start":{"line":38,"column":25},"end":{"line":38,"column":31}}},"7":{"name":"(anonymous_7)","line":43,"loc":{"start":{"line":43,"column":13},"end":{"line":43,"column":27}}}},"statementMap":{"1":{"start":{"line":0,"column":0},"end":{"line":0,"column":0},"skip":true},"2":{"start":{"line":4,"column":0},"end":{"line":null,"column":null}},"3":{"start":{"line":0,"column":0},"end":{"line":0,"column":0},"skip":true},"4":{"start":{"line":0,"column":0},"end":{"line":0,"column":0},"skip":true},"5":{"start":{"line":0,"column":0},"end":{"line":0,"column":0},"skip":true},"6":{"start":{"line":7,"column":15},"end":{"line":1,"column":0}},"7":{"start":{"line":9,"column":10},"end":{"line":null,"column":null}},"8":{"start":{"line":17,"column":11},"end":{"line":null,"column":null}},"9":{"start":{"line":20,"column":10},"end":{"line":null,"column":null}},"10":{"start":{"line":21,"column":10},"end":{"line":null,"column":null}},"11":{"start":{"line":22,"column":14},"end":{"line":null,"column":null}},"12":{"start":{"line":27,"column":12},"end":{"line":null,"column":null}},"13":{"start":{"line":28,"column":17},"end":{"line":null,"column":null}},"14":{"start":{"line":31,"column":16},"end":{"line":null,"column":null}},"15":{"start":{"line":32,"column":17},"end":{"line":null,"column":null}},"16":{"start":{"line":34,"column":15},"end":{"line":null,"column":null}},"17":{"start":{"line":38,"column":10},"end":{"line":null,"column":null}},"18":{"start":{"line":39,"column":14},"end":{"line":null,"column":null}},"19":{"start":{"line":44,"column":14},"end":{"line":null,"column":null}},"20":{"start":{"line":45,"column":19},"end":{"line":null,"column":null}},"21":{"start":{"line":48,"column":18},"end":{"line":null,"column":null}},"22":{"start":{"line":0,"column":0},"end":{"line":0,"column":0},"skip":true},"23":{"start":{"line":0,"column":0},"end":{"line":0,"column":0},"skip":true}},"branchMap":{"1":{"line":0,"type":"cond-expr","locations":[{"start":{"line":0,"column":0},"end":{"line":0,"column":0},"skip":true},{"start":{"line":0,"column":0},"end":{"line":0,"column":0},"skip":true}]},"2":{"line":0,"type":"binary-expr","locations":[{"start":{"line":0,"column":0},"end":{"line":0,"column":0},"skip":true},{"start":{"line":0,"column":0},"end":{"line":0,"column":0},"skip":true}]},"3":{"line":27,"type":"if","locations":[{"start":{"line":27,"column":12},"end":{"line":27,"column":12}},{"start":{"line":27,"column":12},"end":{"line":27,"column":12}}]},"4":{"line":44,"type":"if","locations":[{"start":{"line":44,"column":14},"end":{"line":44,"column":14}},{"start":{"line":44,"column":14},"end":{"line":44,"column":14}}]}}},"/home/sims05/Desktop/sequilize/spec/server-tests/roles.spec.js":{"path":"/home/sims05/Desktop/sequilize/spec/server-tests/roles.spec.js","s":{"1":1,"2":1,"3":1,"4":1,"5":1,"6":1,"7":1,"8":1,"9":1,"10":4,"11":1,"12":1,"13":1,"14":1,"15":1,"16":1,"17":1,"18":1,"19":1,"20":0,"21":1,"22":1,"23":1,"24":1,"25":1,"26":1,"27":0,"28":1,"29":1,"30":1,"31":1,"32":1,"33":0,"34":1,"35":1,"36":1,"37":1,"38":3,"39":3,"40":1,"41":0,"42":1,"43":1,"44":1,"45":1,"46":1,"47":1,"48":1,"49":1,"50":1,"51":0},"b":{"1":[2,2],"2":[4,4],"3":[1,0],"4":[1,0],"5":[1,0],"6":[1,0],"7":[1,0]},"f":{"1":4,"2":1,"3":1,"4":1,"5":1,"6":1,"7":1,"8":1,"9":1,"10":1,"11":1,"12":3,"13":1,"14":1,"15":1,"16":1},"fnMap":{"1":{"name":"_interopRequireDefault","line":0,"loc":{"start":{"line":0,"column":0},"end":{"line":0,"column":0}},"skip":true},"2":{"name":"(anonymous_2)","line":9,"loc":{"start":{"line":9,"column":22},"end":{"line":9,"column":28}}},"3":{"name":"(anonymous_3)","line":10,"loc":{"start":{"line":10,"column":12},"end":{"line":10,"column":22}}},"4":{"name":"(anonymous_4)","line":11,"loc":{"start":{"line":11,"column":34},"end":{"line":11,"column":45}}},"5":{"name":"(anonymous_5)","line":22,"loc":{"start":{"line":22,"column":22},"end":{"line":22,"column":28}}},"6":{"name":"(anonymous_6)","line":23,"loc":{"start":{"line":23,"column":48},"end":{"line":23,"column":58}}},"7":{"name":"(anonymous_7)","line":29,"loc":{"start":{"line":29,"column":11},"end":{"line":29,"column":25}}},"8":{"name":"(anonymous_8)","line":38,"loc":{"start":{"line":38,"column":60},"end":{"line":38,"column":70}}},"9":{"name":"(anonymous_9)","line":44,"loc":{"start":{"line":44,"column":11},"end":{"line":44,"column":25}}},"10":{"name":"(anonymous_10)","line":53,"loc":{"start":{"line":53,"column":75},"end":{"line":53,"column":85}}},"11":{"name":"(anonymous_11)","line":59,"loc":{"start":{"line":59,"column":11},"end":{"line":59,"column":25}}},"12":{"name":"(anonymous_12)","line":61,"loc":{"start":{"line":61,"column":27},"end":{"line":61,"column":37}}},"13":{"name":"(anonymous_13)","line":73,"loc":{"start":{"line":73,"column":25},"end":{"line":73,"column":31}}},"14":{"name":"(anonymous_14)","line":74,"loc":{"start":{"line":74,"column":74},"end":{"line":74,"column":84}}},"15":{"name":"(anonymous_15)","line":80,"loc":{"start":{"line":80,"column":11},"end":{"line":80,"column":25}}},"16":{"name":"(anonymous_16)","line":83,"loc":{"start":{"line":83,"column":27},"end":{"line":83,"column":37}}}},"statementMap":{"1":{"start":{"line":1,"column":0},"end":{"line":null,"column":null}},"2":{"start":{"line":0,"column":0},"end":{"line":0,"column":0},"skip":true},"3":{"start":{"line":2,"column":0},"end":{"line":null,"column":null}},"4":{"start":{"line":0,"column":0},"end":{"line":0,"column":0},"skip":true},"5":{"start":{"line":3,"column":0},"end":{"line":null,"column":null}},"6":{"start":{"line":0,"column":0},"end":{"line":0,"column":0},"skip":true},"7":{"start":{"line":4,"column":0},"end":{"line":null,"column":null}},"8":{"start":{"line":0,"column":0},"end":{"line":0,"column":0},"skip":true},"9":{"start":{"line":0,"column":0},"end":{"line":0,"column":0},"skip":true},"10":{"start":{"line":0,"column":0},"end":{"line":0,"column":0},"skip":true},"11":{"start":{"line":6,"column":0},"end":{"line":null,"column":null}},"12":{"start":{"line":7,"column":0},"end":{"line":null,"column":null}},"13":{"start":{"line":9,"column":0},"end":{"line":null,"column":null}},"14":{"start":{"line":10,"column":12},"end":{"line":null,"column":null}},"15":{"start":{"line":11,"column":14},"end":{"line":null,"column":null}},"16":{"start":{"line":12,"column":10},"end":{"line":null,"column":null}},"17":{"start":{"line":13,"column":20},"end":{"line":null,"column":null}},"18":{"start":{"line":14,"column":22},"end":{"line":null,"column":null}},"19":{"start":{"line":0,"column":0},"end":{"line":0,"column":0},"skip":true},"20":{"start":{"line":17,"column":13},"end":{"line":null,"column":null}},"21":{"start":{"line":22,"column":11},"end":{"line":null,"column":null}},"22":{"start":{"line":23,"column":7},"end":{"line":null,"column":null}},"23":{"start":{"line":25,"column":7},"end":{"line":null,"column":null}},"24":{"start":{"line":30,"column":12},"end":{"line":null,"column":null}},"25":{"start":{"line":31,"column":17},"end":{"line":null,"column":null}},"26":{"start":{"line":32,"column":17},"end":{"line":null,"column":null}},"27":{"start":{"line":34,"column":15},"end":{"line":null,"column":null}},"28":{"start":{"line":38,"column":7},"end":{"line":null,"column":null}},"29":{"start":{"line":40,"column":7},"end":{"line":null,"column":null}},"30":{"start":{"line":45,"column":12},"end":{"line":null,"column":null}},"31":{"start":{"line":46,"column":17},"end":{"line":null,"column":null}},"32":{"start":{"line":47,"column":17},"end":{"line":null,"column":null}},"33":{"start":{"line":49,"column":15},"end":{"line":null,"column":null}},"34":{"start":{"line":53,"column":7},"end":{"line":null,"column":null}},"35":{"start":{"line":55,"column":7},"end":{"line":null,"column":null}},"36":{"start":{"line":60,"column":12},"end":{"line":null,"column":null}},"37":{"start":{"line":61,"column":14},"end":{"line":null,"column":null}},"38":{"start":{"line":63,"column":19},"end":{"line":null,"column":null}},"39":{"start":{"line":64,"column":19},"end":{"line":null,"column":null}},"40":{"start":{"line":66,"column":17},"end":{"line":null,"column":null}},"41":{"start":{"line":68,"column":15},"end":{"line":null,"column":null}},"42":{"start":{"line":73,"column":11},"end":{"line":null,"column":null}},"43":{"start":{"line":74,"column":7},"end":{"line":null,"column":null}},"44":{"start":{"line":76,"column":7},"end":{"line":null,"column":null}},"45":{"start":{"line":81,"column":12},"end":{"line":null,"column":null}},"46":{"start":{"line":82,"column":17},"end":{"line":null,"column":null}},"47":{"start":{"line":83,"column":14},"end":{"line":null,"column":null}},"48":{"start":{"line":85,"column":19},"end":{"line":null,"column":null}},"49":{"start":{"line":86,"column":19},"end":{"line":null,"column":null}},"50":{"start":{"line":88,"column":17},"end":{"line":null,"column":null}},"51":{"start":{"line":90,"column":15},"end":{"line":null,"column":null}}},"branchMap":{"1":{"line":0,"type":"cond-expr","locations":[{"start":{"line":0,"column":0},"end":{"line":0,"column":0},"skip":true},{"start":{"line":0,"column":0},"end":{"line":0,"column":0},"skip":true}]},"2":{"line":0,"type":"binary-expr","locations":[{"start":{"line":0,"column":0},"end":{"line":0,"column":0},"skip":true},{"start":{"line":0,"column":0},"end":{"line":0,"column":0},"skip":true}]},"3":{"line":12,"type":"if","locations":[{"start":{"line":12,"column":10},"end":{"line":12,"column":10}},{"start":{"line":12,"column":10},"end":{"line":12,"column":10}}]},"4":{"line":30,"type":"if","locations":[{"start":{"line":30,"column":12},"end":{"line":30,"column":12}},{"start":{"line":30,"column":12},"end":{"line":30,"column":12}}]},"5":{"line":45,"type":"if","locations":[{"start":{"line":45,"column":12},"end":{"line":45,"column":12}},{"start":{"line":45,"column":12},"end":{"line":45,"column":12}}]},"6":{"line":60,"type":"if","locations":[{"start":{"line":60,"column":12},"end":{"line":60,"column":12}},{"start":{"line":60,"column":12},"end":{"line":60,"column":12}}]},"7":{"line":81,"type":"if","locations":[{"start":{"line":81,"column":12},"end":{"line":81,"column":12}},{"start":{"line":81,"column":12},"end":{"line":81,"column":12}}]}}},"/home/sims05/Desktop/sequilize/spec/server-tests/users.spec.js":{"path":"/home/sims05/Desktop/sequilize/spec/server-tests/users.spec.js","s":{"1":1,"2":1,"3":1,"4":1,"5":1,"6":1,"7":1,"8":1,"9":1,"10":4,"11":1,"12":1,"13":1,"14":1,"15":1,"16":1,"17":1,"18":1,"19":1,"20":1,"21":0,"22":1,"23":1,"24":1,"25":1,"26":1,"27":1,"28":1,"29":0,"30":1,"31":1,"32":1,"33":1,"34":1,"35":1,"36":1,"37":3,"38":1,"39":0,"40":1,"41":1,"42":1,"43":1,"44":1,"45":0,"46":1,"47":1,"48":1,"49":1,"50":1,"51":1,"52":1,"53":0,"54":1,"55":1,"56":1,"57":1,"58":1,"59":0,"60":1,"61":1,"62":1,"63":1,"64":1,"65":0,"66":1,"67":1,"68":1,"69":1,"70":1,"71":1,"72":0,"73":1,"74":1,"75":1,"76":1,"77":1,"78":0,"79":1,"80":1,"81":1,"82":1,"83":1,"84":1,"85":0,"86":1,"87":1,"88":1,"89":1,"90":1,"91":0,"92":1,"93":1,"94":1,"95":1,"96":1,"97":0,"98":1,"99":1,"100":1,"101":0,"102":1,"103":1,"104":1,"105":1,"106":1,"107":0,"108":1,"109":1,"110":1,"111":1,"112":1,"113":0,"114":1,"115":1,"116":1,"117":1,"118":1,"119":1,"120":1,"121":0,"122":1,"123":0},"b":{"1":[2,2],"2":[4,4],"3":[1,0],"4":[1,0],"5":[1,0],"6":[1,0],"7":[1,0],"8":[1,0],"9":[1,0],"10":[1,0],"11":[1,0],"12":[1,0],"13":[1,0],"14":[1,0],"15":[0,1],"16":[0,1],"17":[0,1],"18":[1,0]},"f":{"1":4,"2":1,"3":1,"4":1,"5":1,"6":1,"7":1,"8":1,"9":1,"10":1,"11":1,"12":3,"13":1,"14":1,"15":1,"16":1,"17":1,"18":1,"19":1,"20":1,"21":1,"22":1,"23":1,"24":1,"25":1,"26":1,"27":1,"28":1,"29":1,"30":1,"31":1,"32":1,"33":1,"34":1,"35":1,"36":1,"37":1,"38":1,"39":1,"40":1,"41":1,"42":1,"43":0},"fnMap":{"1":{"name":"_interopRequireDefault","line":0,"loc":{"start":{"line":0,"column":0},"end":{"line":0,"column":0}},"skip":true},"2":{"name":"(anonymous_2)","line":13,"loc":{"start":{"line":13,"column":21},"end":{"line":13,"column":27}}},"3":{"name":"(anonymous_3)","line":14,"loc":{"start":{"line":14,"column":12},"end":{"line":14,"column":22}}},"4":{"name":"(anonymous_4)","line":15,"loc":{"start":{"line":15,"column":34},"end":{"line":15,"column":45}}},"5":{"name":"(anonymous_5)","line":25,"loc":{"start":{"line":25,"column":22},"end":{"line":25,"column":28}}},"6":{"name":"(anonymous_6)","line":26,"loc":{"start":{"line":26,"column":39},"end":{"line":26,"column":49}}},"7":{"name":"(anonymous_7)","line":31,"loc":{"start":{"line":31,"column":13},"end":{"line":31,"column":27}}},"8":{"name":"(anonymous_8)","line":41,"loc":{"start":{"line":41,"column":66},"end":{"line":41,"column":76}}},"9":{"name":"(anonymous_9)","line":46,"loc":{"start":{"line":46,"column":13},"end":{"line":46,"column":19}}},"10":{"name":"(anonymous_10)","line":51,"loc":{"start":{"line":51,"column":51},"end":{"line":51,"column":61}}},"11":{"name":"(anonymous_11)","line":58,"loc":{"start":{"line":58,"column":11},"end":{"line":58,"column":25}}},"12":{"name":"(anonymous_12)","line":60,"loc":{"start":{"line":60,"column":27},"end":{"line":60,"column":37}}},"13":{"name":"(anonymous_13)","line":70,"loc":{"start":{"line":70,"column":66},"end":{"line":70,"column":76}}},"14":{"name":"(anonymous_14)","line":77,"loc":{"start":{"line":77,"column":11},"end":{"line":77,"column":25}}},"15":{"name":"(anonymous_15)","line":87,"loc":{"start":{"line":87,"column":27},"end":{"line":87,"column":33}}},"16":{"name":"(anonymous_16)","line":88,"loc":{"start":{"line":88,"column":44},"end":{"line":88,"column":54}}},"17":{"name":"(anonymous_17)","line":97,"loc":{"start":{"line":97,"column":13},"end":{"line":97,"column":27}}},"18":{"name":"(anonymous_18)","line":107,"loc":{"start":{"line":107,"column":40},"end":{"line":107,"column":50}}},"19":{"name":"(anonymous_19)","line":116,"loc":{"start":{"line":116,"column":13},"end":{"line":116,"column":27}}},"20":{"name":"(anonymous_20)","line":125,"loc":{"start":{"line":125,"column":61},"end":{"line":125,"column":71}}},"21":{"name":"(anonymous_21)","line":134,"loc":{"start":{"line":134,"column":13},"end":{"line":134,"column":27}}},"22":{"name":"(anonymous_22)","line":144,"loc":{"start":{"line":144,"column":25},"end":{"line":144,"column":31}}},"23":{"name":"(anonymous_23)","line":145,"loc":{"start":{"line":145,"column":52},"end":{"line":145,"column":62}}},"24":{"name":"(anonymous_24)","line":151,"loc":{"start":{"line":151,"column":11},"end":{"line":151,"column":25}}},"25":{"name":"(anonymous_25)","line":160,"loc":{"start":{"line":160,"column":49},"end":{"line":160,"column":59}}},"26":{"name":"(anonymous_26)","line":167,"loc":{"start":{"line":167,"column":11},"end":{"line":167,"column":25}}},"27":{"name":"(anonymous_27)","line":176,"loc":{"start":{"line":176,"column":70},"end":{"line":176,"column":80}}},"28":{"name":"(anonymous_28)","line":183,"loc":{"start":{"line":183,"column":11},"end":{"line":183,"column":25}}},"29":{"name":"(anonymous_29)","line":185,"loc":{"start":{"line":185,"column":27},"end":{"line":185,"column":37}}},"30":{"name":"(anonymous_30)","line":195,"loc":{"start":{"line":195,"column":72},"end":{"line":195,"column":82}}},"31":{"name":"(anonymous_31)","line":202,"loc":{"start":{"line":202,"column":11},"end":{"line":202,"column":25}}},"32":{"name":"(anonymous_32)","line":211,"loc":{"start":{"line":211,"column":61},"end":{"line":211,"column":71}}},"33":{"name":"(anonymous_33)","line":217,"loc":{"start":{"line":217,"column":13},"end":{"line":217,"column":27}}},"34":{"name":"(anonymous_34)","line":226,"loc":{"start":{"line":226,"column":67},"end":{"line":226,"column":77}}},"35":{"name":"(anonymous_35)","line":232,"loc":{"start":{"line":232,"column":13},"end":{"line":232,"column":27}}},"36":{"name":"(anonymous_36)","line":242,"loc":{"start":{"line":242,"column":61},"end":{"line":242,"column":71}}},"37":{"name":"(anonymous_37)","line":247,"loc":{"start":{"line":247,"column":11},"end":{"line":247,"column":25}}},"38":{"name":"(anonymous_38)","line":257,"loc":{"start":{"line":257,"column":67},"end":{"line":257,"column":77}}},"39":{"name":"(anonymous_39)","line":262,"loc":{"start":{"line":262,"column":11},"end":{"line":262,"column":25}}},"40":{"name":"(anonymous_40)","line":273,"loc":{"start":{"line":273,"column":35},"end":{"line":273,"column":41}}},"41":{"name":"(anonymous_41)","line":274,"loc":{"start":{"line":274,"column":70},"end":{"line":274,"column":80}}},"42":{"name":"(anonymous_42)","line":281,"loc":{"start":{"line":281,"column":11},"end":{"line":281,"column":25}}},"43":{"name":"(anonymous_43)","line":283,"loc":{"start":{"line":283,"column":27},"end":{"line":283,"column":41}}}},"statementMap":{"1":{"start":{"line":1,"column":0},"end":{"line":null,"column":null}},"2":{"start":{"line":0,"column":0},"end":{"line":0,"column":0},"skip":true},"3":{"start":{"line":2,"column":0},"end":{"line":null,"column":null}},"4":{"start":{"line":0,"column":0},"end":{"line":0,"column":0},"skip":true},"5":{"start":{"line":3,"column":0},"end":{"line":null,"column":null}},"6":{"start":{"line":0,"column":0},"end":{"line":0,"column":0},"skip":true},"7":{"start":{"line":4,"column":0},"end":{"line":null,"column":null}},"8":{"start":{"line":0,"column":0},"end":{"line":0,"column":0},"skip":true},"9":{"start":{"line":0,"column":0},"end":{"line":0,"column":0},"skip":true},"10":{"start":{"line":0,"column":0},"end":{"line":0,"column":0},"skip":true},"11":{"start":{"line":7,"column":0},"end":{"line":null,"column":null}},"12":{"start":{"line":8,"column":0},"end":{"line":null,"column":null}},"13":{"start":{"line":11,"column":0},"end":{"line":null,"column":null}},"14":{"start":{"line":13,"column":0},"end":{"line":null,"column":null}},"15":{"start":{"line":14,"column":12},"end":{"line":null,"column":null}},"16":{"start":{"line":15,"column":14},"end":{"line":null,"column":null}},"17":{"start":{"line":16,"column":10},"end":{"line":null,"column":null}},"18":{"start":{"line":17,"column":20},"end":{"line":null,"column":null}},"19":{"start":{"line":18,"column":22},"end":{"line":null,"column":null}},"20":{"start":{"line":0,"column":0},"end":{"line":0,"column":0},"skip":true},"21":{"start":{"line":21,"column":13},"end":{"line":null,"column":null}},"22":{"start":{"line":25,"column":11},"end":{"line":null,"column":null}},"23":{"start":{"line":26,"column":7},"end":{"line":null,"column":null}},"24":{"start":{"line":28,"column":7},"end":{"line":null,"column":null}},"25":{"start":{"line":32,"column":14},"end":{"line":null,"column":null}},"26":{"start":{"line":33,"column":19},"end":{"line":null,"column":null}},"27":{"start":{"line":34,"column":19},"end":{"line":null,"column":null}},"28":{"start":{"line":35,"column":19},"end":{"line":null,"column":null}},"29":{"start":{"line":37,"column":17},"end":{"line":null,"column":null}},"30":{"start":{"line":41,"column":7},"end":{"line":null,"column":null}},"31":{"start":{"line":43,"column":7},"end":{"line":null,"column":null}},"32":{"start":{"line":0,"column":0},"end":{"line":0,"column":0},"skip":true},"33":{"start":{"line":51,"column":7},"end":{"line":null,"column":null}},"34":{"start":{"line":53,"column":7},"end":{"line":null,"column":null}},"35":{"start":{"line":59,"column":12},"end":{"line":null,"column":null}},"36":{"start":{"line":60,"column":14},"end":{"line":null,"column":null}},"37":{"start":{"line":62,"column":19},"end":{"line":null,"column":null}},"38":{"start":{"line":64,"column":17},"end":{"line":null,"column":null}},"39":{"start":{"line":66,"column":15},"end":{"line":null,"column":null}},"40":{"start":{"line":70,"column":7},"end":{"line":null,"column":null}},"41":{"start":{"line":72,"column":7},"end":{"line":null,"column":null}},"42":{"start":{"line":78,"column":12},"end":{"line":null,"column":null}},"43":{"start":{"line":79,"column":17},"end":{"line":null,"column":null}},"44":{"start":{"line":80,"column":17},"end":{"line":null,"column":null}},"45":{"start":{"line":82,"column":15},"end":{"line":null,"column":null}},"46":{"start":{"line":87,"column":11},"end":{"line":null,"column":null}},"47":{"start":{"line":88,"column":7},"end":{"line":null,"column":null}},"48":{"start":{"line":90,"column":7},"end":{"line":null,"column":null}},"49":{"start":{"line":98,"column":14},"end":{"line":null,"column":null}},"50":{"start":{"line":99,"column":19},"end":{"line":null,"column":null}},"51":{"start":{"line":100,"column":19},"end":{"line":null,"column":null}},"52":{"start":{"line":101,"column":19},"end":{"line":null,"column":null}},"53":{"start":{"line":103,"column":17},"end":{"line":null,"column":null}},"54":{"start":{"line":107,"column":7},"end":{"line":null,"column":null}},"55":{"start":{"line":109,"column":7},"end":{"line":null,"column":null}},"56":{"start":{"line":117,"column":14},"end":{"line":null,"column":null}},"57":{"start":{"line":118,"column":19},"end":{"line":null,"column":null}},"58":{"start":{"line":119,"column":19},"end":{"line":null,"column":null}},"59":{"start":{"line":121,"column":17},"end":{"line":null,"column":null}},"60":{"start":{"line":125,"column":7},"end":{"line":null,"column":null}},"61":{"start":{"line":127,"column":7},"end":{"line":null,"column":null}},"62":{"start":{"line":135,"column":14},"end":{"line":null,"column":null}},"63":{"start":{"line":136,"column":19},"end":{"line":null,"column":null}},"64":{"start":{"line":137,"column":19},"end":{"line":null,"column":null}},"65":{"start":{"line":139,"column":17},"end":{"line":null,"column":null}},"66":{"start":{"line":144,"column":11},"end":{"line":null,"column":null}},"67":{"start":{"line":145,"column":7},"end":{"line":null,"column":null}},"68":{"start":{"line":147,"column":7},"end":{"line":null,"column":null}},"69":{"start":{"line":152,"column":12},"end":{"line":null,"column":null}},"70":{"start":{"line":153,"column":17},"end":{"line":null,"column":null}},"71":{"start":{"line":154,"column":17},"end":{"line":null,"column":null}},"72":{"start":{"line":156,"column":15},"end":{"line":null,"column":null}},"73":{"start":{"line":160,"column":7},"end":{"line":null,"column":null}},"74":{"start":{"line":162,"column":7},"end":{"line":null,"column":null}},"75":{"start":{"line":168,"column":12},"end":{"line":null,"column":null}},"76":{"start":{"line":169,"column":17},"end":{"line":null,"column":null}},"77":{"start":{"line":170,"column":17},"end":{"line":null,"column":null}},"78":{"start":{"line":172,"column":15},"end":{"line":null,"column":null}},"79":{"start":{"line":176,"column":7},"end":{"line":null,"column":null}},"80":{"start":{"line":178,"column":7},"end":{"line":null,"column":null}},"81":{"start":{"line":184,"column":12},"end":{"line":null,"column":null}},"82":{"start":{"line":185,"column":14},"end":{"line":null,"column":null}},"83":{"start":{"line":187,"column":19},"end":{"line":null,"column":null}},"84":{"start":{"line":189,"column":17},"end":{"line":null,"column":null}},"85":{"start":{"line":191,"column":15},"end":{"line":null,"column":null}},"86":{"start":{"line":195,"column":7},"end":{"line":null,"column":null}},"87":{"start":{"line":197,"column":7},"end":{"line":null,"column":null}},"88":{"start":{"line":203,"column":12},"end":{"line":null,"column":null}},"89":{"start":{"line":204,"column":17},"end":{"line":null,"column":null}},"90":{"start":{"line":205,"column":17},"end":{"line":null,"column":null}},"91":{"start":{"line":207,"column":15},"end":{"line":null,"column":null}},"92":{"start":{"line":211,"column":7},"end":{"line":null,"column":null}},"93":{"start":{"line":213,"column":7},"end":{"line":null,"column":null}},"94":{"start":{"line":218,"column":14},"end":{"line":null,"column":null}},"95":{"start":{"line":219,"column":19},"end":{"line":null,"column":null}},"96":{"start":{"line":220,"column":19},"end":{"line":null,"column":null}},"97":{"start":{"line":222,"column":17},"end":{"line":null,"column":null}},"98":{"start":{"line":226,"column":7},"end":{"line":null,"column":null}},"99":{"start":{"line":228,"column":7},"end":{"line":null,"column":null}},"100":{"start":{"line":233,"column":14},"end":{"line":null,"column":null}},"101":{"start":{"line":234,"column":17},"end":{"line":null,"column":null}},"102":{"start":{"line":236,"column":19},"end":{"line":null,"column":null}},"103":{"start":{"line":0,"column":0},"end":{"line":0,"column":0},"skip":true},"104":{"start":{"line":242,"column":7},"end":{"line":null,"column":null}},"105":{"start":{"line":244,"column":7},"end":{"line":null,"column":null}},"106":{"start":{"line":248,"column":12},"end":{"line":null,"column":null}},"107":{"start":{"line":249,"column":15},"end":{"line":null,"column":null}},"108":{"start":{"line":251,"column":17},"end":{"line":null,"column":null}},"109":{"start":{"line":0,"column":0},"end":{"line":0,"column":0},"skip":true},"110":{"start":{"line":257,"column":7},"end":{"line":null,"column":null}},"111":{"start":{"line":259,"column":7},"end":{"line":null,"column":null}},"112":{"start":{"line":263,"column":12},"end":{"line":null,"column":null}},"113":{"start":{"line":264,"column":15},"end":{"line":null,"column":null}},"114":{"start":{"line":266,"column":17},"end":{"line":null,"column":null}},"115":{"start":{"line":0,"column":0},"end":{"line":0,"column":0},"skip":true},"116":{"start":{"line":273,"column":11},"end":{"line":null,"column":null}},"117":{"start":{"line":274,"column":7},"end":{"line":null,"column":null}},"118":{"start":{"line":276,"column":7},"end":{"line":null,"column":null}},"119":{"start":{"line":282,"column":12},"end":{"line":null,"column":null}},"120":{"start":{"line":283,"column":14},"end":{"line":null,"column":null}},"121":{"start":{"line":288,"column":19},"end":{"line":null,"column":null}},"122":{"start":{"line":290,"column":17},"end":{"line":null,"column":null}},"123":{"start":{"line":292,"column":15},"end":{"line":null,"column":null}}},"branchMap":{"1":{"line":0,"type":"cond-expr","locations":[{"start":{"line":0,"column":0},"end":{"line":0,"column":0},"skip":true},{"start":{"line":0,"column":0},"end":{"line":0,"column":0},"skip":true}]},"2":{"line":0,"type":"binary-expr","locations":[{"start":{"line":0,"column":0},"end":{"line":0,"column":0},"skip":true},{"start":{"line":0,"column":0},"end":{"line":0,"column":0},"skip":true}]},"3":{"line":16,"type":"if","locations":[{"start":{"line":16,"column":10},"end":{"line":16,"column":10}},{"start":{"line":16,"column":10},"end":{"line":16,"column":10}}]},"4":{"line":32,"type":"if","locations":[{"start":{"line":32,"column":14},"end":{"line":32,"column":14}},{"start":{"line":32,"column":14},"end":{"line":32,"column":14}}]},"5":{"line":59,"type":"if","locations":[{"start":{"line":59,"column":12},"end":{"line":59,"column":12}},{"start":{"line":59,"column":12},"end":{"line":59,"column":12}}]},"6":{"line":78,"type":"if","locations":[{"start":{"line":78,"column":12},"end":{"line":78,"column":12}},{"start":{"line":78,"column":12},"end":{"line":78,"column":12}}]},"7":{"line":98,"type":"if","locations":[{"start":{"line":98,"column":14},"end":{"line":98,"column":14}},{"start":{"line":98,"column":14},"end":{"line":98,"column":14}}]},"8":{"line":117,"type":"if","locations":[{"start":{"line":117,"column":14},"end":{"line":117,"column":14}},{"start":{"line":117,"column":14},"end":{"line":117,"column":14}}]},"9":{"line":135,"type":"if","locations":[{"start":{"line":135,"column":14},"end":{"line":135,"column":14}},{"start":{"line":135,"column":14},"end":{"line":135,"column":14}}]},"10":{"line":152,"type":"if","locations":[{"start":{"line":152,"column":12},"end":{"line":152,"column":12}},{"start":{"line":152,"column":12},"end":{"line":152,"column":12}}]},"11":{"line":168,"type":"if","locations":[{"start":{"line":168,"column":12},"end":{"line":168,"column":12}},{"start":{"line":168,"column":12},"end":{"line":168,"column":12}}]},"12":{"line":184,"type":"if","locations":[{"start":{"line":184,"column":12},"end":{"line":184,"column":12}},{"start":{"line":184,"column":12},"end":{"line":184,"column":12}}]},"13":{"line":203,"type":"if","locations":[{"start":{"line":203,"column":12},"end":{"line":203,"column":12}},{"start":{"line":203,"column":12},"end":{"line":203,"column":12}}]},"14":{"line":218,"type":"if","locations":[{"start":{"line":218,"column":14},"end":{"line":218,"column":14}},{"start":{"line":218,"column":14},"end":{"line":218,"column":14}}]},"15":{"line":233,"type":"if","locations":[{"start":{"line":233,"column":14},"end":{"line":233,"column":14}},{"start":{"line":233,"column":14},"end":{"line":233,"column":14}}]},"16":{"line":248,"type":"if","locations":[{"start":{"line":248,"column":12},"end":{"line":248,"column":12}},{"start":{"line":248,"column":12},"end":{"line":248,"column":12}}]},"17":{"line":263,"type":"if","locations":[{"start":{"line":263,"column":12},"end":{"line":263,"column":12}},{"start":{"line":263,"column":12},"end":{"line":263,"column":12}}]},"18":{"line":282,"type":"if","locations":[{"start":{"line":282,"column":12},"end":{"line":282,"column":12}},{"start":{"line":282,"column":12},"end":{"line":282,"column":12}}]}}}}