TN:
SF:/home/sims05/Desktop/sequilize/spec/server-tests/documents.spec.js
FN:9,(anonymous_2)
FN:10,(anonymous_3)
FN:11,getDoc
FN:18,(anonymous_5)
FN:27,(anonymous_6)
FN:38,(anonymous_7)
FN:39,(anonymous_8)
FN:46,(anonymous_9)
FN:54,(anonymous_10)
FN:61,(anonymous_11)
FN:67,(anonymous_12)
FN:79,(anonymous_13)
FN:85,(anonymous_14)
FN:95,(anonymous_15)
FN:96,(anonymous_16)
FN:103,(anonymous_17)
FN:111,(anonymous_18)
FN:118,(anonymous_19)
FN:124,(anonymous_20)
FN:136,(anonymous_21)
FN:142,(anonymous_22)
FN:150,(anonymous_23)
FN:155,(anonymous_24)
FNF:23
FNH:23
FNDA:1,(anonymous_2)
FNDA:1,(anonymous_3)
FNDA:1,getDoc
FNDA:1,(anonymous_5)
FNDA:1,(anonymous_6)
FNDA:1,(anonymous_7)
FNDA:1,(anonymous_8)
FNDA:1,(anonymous_9)
FNDA:1,(anonymous_10)
FNDA:1,(anonymous_11)
FNDA:3,(anonymous_12)
FNDA:1,(anonymous_13)
FNDA:1,(anonymous_14)
FNDA:1,(anonymous_15)
FNDA:1,(anonymous_16)
FNDA:1,(anonymous_17)
FNDA:1,(anonymous_18)
FNDA:1,(anonymous_19)
FNDA:1,(anonymous_20)
FNDA:1,(anonymous_21)
FNDA:1,(anonymous_22)
FNDA:1,(anonymous_23)
FNDA:1,(anonymous_24)
DA:1,1
DA:2,1
DA:3,1
DA:4,1
DA:6,1
DA:7,1
DA:8,1
DA:9,1
DA:10,1
DA:11,1
DA:13,1
DA:19,1
DA:20,1
DA:23,1
DA:27,1
DA:28,1
DA:29,1
DA:30,1
DA:33,0
DA:38,1
DA:39,1
DA:41,1
DA:47,1
DA:50,1
DA:54,1
DA:56,1
DA:62,1
DA:67,1
DA:68,3
DA:71,3
DA:75,1
DA:79,1
DA:81,1
DA:86,1
DA:87,1
DA:88,1
DA:90,0
DA:95,1
DA:96,1
DA:98,1
DA:104,1
DA:107,1
DA:111,1
DA:113,1
DA:119,1
DA:124,1
DA:125,1
DA:128,1
DA:132,1
DA:136,1
DA:138,1
DA:143,1
DA:144,1
DA:145,1
DA:147,0
DA:150,1
DA:152,1
DA:156,1
DA:157,1
DA:158,1
DA:160,0
LF:61
LH:57
BRDA:19,3,0,1
BRDA:19,3,1,0
BRDA:28,4,0,1
BRDA:28,4,1,0
BRDA:47,5,0,1
BRDA:47,5,1,0
BRDA:62,6,0,1
BRDA:62,6,1,0
BRDA:68,7,0,3
BRDA:68,7,1,1
BRDA:68,7,2,0
BRDA:86,8,0,1
BRDA:86,8,1,0
BRDA:104,9,0,1
BRDA:104,9,1,0
BRDA:119,10,0,1
BRDA:119,10,1,0
BRDA:125,11,0,1
BRDA:125,11,1,0
BRDA:125,11,2,0
BRDA:143,12,0,1
BRDA:143,12,1,0
BRDA:156,13,0,1
BRDA:156,13,1,0
BRF:24
BRH:12
end_of_record
TN:
SF:/home/sims05/Desktop/sequilize/server/api/index.js
FN:12,(anonymous_2)
FNF:1
FNH:1
FNDA:1,(anonymous_2)
DA:1,1
DA:2,1
DA:3,1
DA:5,1
DA:6,1
DA:8,1
DA:9,1
DA:11,1
DA:12,1
DA:13,1
DA:17,1
LF:11
LH:11
BRDA:8,3,0,1
BRDA:8,3,1,1
BRF:2
BRH:2
end_of_record
TN:
SF:/home/sims05/Desktop/sequilize/server/api/app.js
FN:8,extend
FNF:1
FNH:1
FNDA:1,extend
DA:2,1
DA:3,1
DA:4,1
DA:5,1
DA:7,1
DA:10,1
DA:13,1
DA:16,1
DA:17,1
DA:20,1
LF:10
LH:10
BRF:0
BRH:0
end_of_record
TN:
SF:/home/sims05/Desktop/sequilize/server/api/routes/index.js
FN:6,apply
FN:12,(anonymous_3)
FNF:2
FNH:1
FNDA:1,apply
FNDA:0,(anonymous_3)
DA:1,1
DA:2,1
DA:3,1
DA:5,1
DA:7,1
DA:8,1
DA:9,1
DA:12,1
LF:8
LH:8
BRF:0
BRH:0
end_of_record
TN:
SF:/home/sims05/Desktop/sequilize/server/api/routes/users.js
FNF:0
FNH:0
DA:1,1
DA:2,1
DA:3,1
DA:5,1
DA:6,1
DA:9,1
DA:12,1
DA:17,1
DA:21,1
LF:9
LH:9
BRF:0
BRH:0
end_of_record
TN:
SF:/home/sims05/Desktop/sequilize/server/api/controllers/usersController.js
FN:8,isValid
FN:14,createHash
FN:17,create
FN:21,(anonymous_5)
FN:30,(anonymous_6)
FN:41,(anonymous_7)
FN:62,(anonymous_8)
FN:66,(anonymous_9)
FN:71,(anonymous_10)
FN:77,login
FN:87,(anonymous_12)
FN:111,(anonymous_13)
FN:117,getAll
FN:127,(anonymous_15)
FN:130,(anonymous_16)
FN:137,(anonymous_17)
FN:146,getOne
FN:157,(anonymous_19)
FN:160,(anonymous_20)
FN:167,(anonymous_21)
FN:176,update
FN:181,(anonymous_23)
FN:184,(anonymous_24)
FN:193,remove
FN:198,(anonymous_26)
FN:202,(anonymous_27)
FN:205,(anonymous_28)
FN:209,(anonymous_29)
FN:218,getDocuments
FN:222,(anonymous_31)
FN:223,(anonymous_32)
FN:228,(anonymous_33)
FNF:32
FNH:21
FNDA:8,isValid
FNDA:1,createHash
FNDA:2,create
FNDA:2,(anonymous_5)
FNDA:1,(anonymous_6)
FNDA:1,(anonymous_7)
FNDA:0,(anonymous_8)
FNDA:0,(anonymous_9)
FNDA:0,(anonymous_10)
FNDA:9,login
FNDA:9,(anonymous_12)
FNDA:0,(anonymous_13)
FNDA:2,getAll
FNDA:1,(anonymous_15)
FNDA:3,(anonymous_16)
FNDA:0,(anonymous_17)
FNDA:2,getOne
FNDA:1,(anonymous_19)
FNDA:1,(anonymous_20)
FNDA:0,(anonymous_21)
FNDA:2,update
FNDA:1,(anonymous_23)
FNDA:0,(anonymous_24)
FNDA:2,remove
FNDA:1,(anonymous_26)
FNDA:1,(anonymous_27)
FNDA:0,(anonymous_28)
FNDA:0,(anonymous_29)
FNDA:1,getDocuments
FNDA:1,(anonymous_31)
FNDA:0,(anonymous_32)
FNDA:0,(anonymous_33)
DA:1,1
DA:2,1
DA:3,1
DA:8,1
DA:9,8
DA:14,1
DA:17,1
DA:18,2
DA:22,2
DA:23,1
DA:25,1
DA:29,1
DA:31,1
DA:36,1
DA:42,1
DA:46,1
DA:54,1
DA:63,0
DA:67,0
DA:72,0
DA:77,1
DA:78,9
DA:88,9
DA:89,1
DA:91,8
DA:92,7
DA:93,7
DA:101,7
DA:109,1
DA:112,0
DA:117,1
DA:118,2
DA:119,1
DA:128,1
DA:131,3
DA:138,0
DA:141,1
DA:146,1
DA:147,2
DA:148,1
DA:158,1
DA:161,1
DA:168,0
DA:171,1
DA:176,1
DA:177,2
DA:178,1
DA:182,1
DA:185,0
DA:188,1
DA:193,1
DA:194,2
DA:195,1
DA:199,1
DA:203,1
DA:206,0
DA:210,0
DA:213,1
DA:218,1
DA:219,1
DA:223,1
DA:224,0
DA:229,0
DA:233,1
LF:64
LH:53
BRDA:22,3,0,1
BRDA:22,3,1,1
BRDA:88,4,0,1
BRDA:88,4,1,8
BRDA:91,5,0,7
BRDA:91,5,1,1
BRDA:118,6,0,1
BRDA:118,6,1,1
BRDA:147,7,0,1
BRDA:147,7,1,1
BRDA:147,8,0,2
BRDA:147,8,1,1
BRDA:177,9,0,1
BRDA:177,9,1,1
BRDA:177,10,0,2
BRDA:177,10,1,2
BRDA:194,11,0,1
BRDA:194,11,1,1
BRDA:194,12,0,2
BRDA:194,12,1,2
BRF:20
BRH:20
end_of_record
TN:
SF:/home/sims05/Desktop/sequilize/server/models/index.js
FN:19,(anonymous_3)
FN:20,(anonymous_4)
FN:25,(anonymous_5)
FNF:3
FNH:3
FNDA:4,(anonymous_3)
FNDA:3,(anonymous_4)
FNDA:3,(anonymous_5)
DA:1,1
DA:2,1
DA:3,1
DA:4,1
DA:6,1
DA:7,1
DA:9,1
DA:10,1
DA:11,1
DA:13,1
DA:14,0
DA:16,1
DA:19,1
DA:20,4
DA:21,3
DA:22,3
DA:25,1
DA:26,3
DA:27,3
DA:31,1
DA:32,1
DA:34,1
LF:22
LH:21
BRDA:6,7,0,1
BRDA:6,7,1,1
BRDA:13,8,0,0
BRDA:13,8,1,1
BRDA:20,9,0,4
BRDA:20,9,1,4
BRDA:20,9,2,3
BRDA:26,10,0,3
BRDA:26,10,1,0
BRF:9
BRH:7
end_of_record
TN:
SF:/home/sims05/Desktop/sequilize/server/models/documents.js
FN:1,(anonymous_1)
FN:30,associate
FNF:2
FNH:2
FNDA:1,(anonymous_1)
FNDA:1,associate
DA:1,1
DA:2,1
DA:31,1
DA:39,1
DA:48,1
DA:49,1
LF:6
LH:6
BRF:0
BRH:0
end_of_record
TN:
SF:/home/sims05/Desktop/sequilize/server/models/roles.js
FN:1,(anonymous_1)
FN:22,associate
FNF:2
FNH:2
FNDA:1,(anonymous_1)
FNDA:1,associate
DA:1,1
DA:2,1
DA:23,1
DA:24,1
DA:28,1
DA:29,1
LF:6
LH:6
BRF:0
BRH:0
end_of_record
TN:
SF:/home/sims05/Desktop/sequilize/server/models/users.js
FN:1,(anonymous_1)
FN:39,associate
FNF:2
FNH:2
FNDA:1,(anonymous_1)
FNDA:1,associate
DA:1,1
DA:2,1
DA:40,1
DA:47,1
DA:51,1
DA:52,1
LF:6
LH:6
BRF:0
BRH:0
end_of_record
TN:
SF:/home/sims05/Desktop/sequilize/server/api/middlewares/auth.js
FN:4,authorize
FN:7,(anonymous_3)
FNF:2
FNH:2
FNDA:21,authorize
FNDA:20,(anonymous_3)
DA:1,1
DA:3,1
DA:5,21
DA:6,21
DA:7,20
DA:8,20
DA:9,1
DA:11,19
DA:14,19
DA:17,1
LF:10
LH:10
BRDA:6,3,0,20
BRDA:6,3,1,1
BRDA:8,4,0,1
BRDA:8,4,1,19
BRF:4
BRH:4
end_of_record
TN:
SF:/home/sims05/Desktop/sequilize/server/api/routes/roles.js
FNF:0
FNH:0
DA:1,1
DA:2,1
DA:3,1
DA:5,1
DA:7,1
DA:11,1
DA:15,1
LF:7
LH:7
BRF:0
BRH:0
end_of_record
TN:
SF:/home/sims05/Desktop/sequilize/server/api/controllers/rolesController.js
FN:4,create
FN:7,(anonymous_3)
FN:16,(anonymous_4)
FN:25,getAll
FN:27,(anonymous_6)
FN:28,(anonymous_7)
FN:33,(anonymous_8)
FN:39,getOne
FN:43,(anonymous_10)
FN:44,(anonymous_11)
FN:49,(anonymous_12)
FNF:11
FNH:8
FNDA:2,create
FNDA:1,(anonymous_3)
FNDA:0,(anonymous_4)
FNDA:1,getAll
FNDA:1,(anonymous_6)
FNDA:3,(anonymous_7)
FNDA:0,(anonymous_8)
FNDA:1,getOne
FNDA:1,(anonymous_10)
FNDA:1,(anonymous_11)
FNDA:0,(anonymous_12)
DA:1,1
DA:4,1
DA:5,2
DA:6,1
DA:8,1
DA:17,0
DA:20,1
DA:25,1
DA:26,1
DA:28,1
DA:29,3
DA:34,0
DA:39,1
DA:40,1
DA:44,1
DA:45,1
DA:50,0
DA:54,1
LF:18
LH:15
BRDA:5,3,0,1
BRDA:5,3,1,1
BRF:2
BRH:2
end_of_record
TN:
SF:/home/sims05/Desktop/sequilize/server/api/routes/documents.js
FNF:0
FNH:0
DA:1,1
DA:2,1
DA:3,1
DA:5,1
DA:7,1
DA:11,1
DA:17,1
LF:7
LH:7
BRF:0
BRH:0
end_of_record
TN:
SF:/home/sims05/Desktop/sequilize/server/api/controllers/documentsController.js
FN:4,create
FN:14,(anonymous_3)
FN:23,(anonymous_4)
FN:29,getAll
FN:38,(anonymous_6)
FN:41,(anonymous_7)
FN:46,(anonymous_8)
FN:56,(anonymous_9)
FN:62,getOne
FN:72,(anonymous_11)
FN:75,(anonymous_12)
FN:80,(anonymous_13)
FN:90,(anonymous_14)
FN:96,update
FN:100,(anonymous_16)
FN:103,(anonymous_17)
FN:109,remove
FN:113,(anonymous_19)
FN:116,(anonymous_20)
FNF:19
FNH:14
FNDA:1,create
FNDA:1,(anonymous_3)
FNDA:0,(anonymous_4)
FNDA:2,getAll
FNDA:2,(anonymous_6)
FNDA:8,(anonymous_7)
FNDA:8,(anonymous_8)
FNDA:0,(anonymous_9)
FNDA:3,getOne
FNDA:3,(anonymous_11)
FNDA:3,(anonymous_12)
FNDA:3,(anonymous_13)
FNDA:0,(anonymous_14)
FNDA:1,update
FNDA:1,(anonymous_16)
FNDA:0,(anonymous_17)
FNDA:1,remove
FNDA:1,(anonymous_19)
FNDA:0,(anonymous_20)
DA:1,1
DA:4,1
DA:5,1
DA:11,1
DA:13,1
DA:15,1
DA:24,0
DA:29,1
DA:30,2
DA:39,2
DA:42,8
DA:47,8
DA:48,2
DA:49,6
DA:50,2
DA:52,4
DA:57,0
DA:62,1
DA:63,3
DA:73,3
DA:76,3
DA:81,3
DA:82,0
DA:83,3
DA:84,0
DA:86,3
DA:91,0
DA:96,1
DA:97,1
DA:101,1
DA:104,0
DA:109,1
DA:110,1
DA:114,1
DA:117,0
DA:121,1
LF:36
LH:29
BRDA:47,3,0,2
BRDA:47,3,1,6
BRDA:49,4,0,2
BRDA:49,4,1,4
BRDA:81,5,0,0
BRDA:81,5,1,3
BRDA:83,6,0,0
BRDA:83,6,1,3
BRF:8
BRH:6
end_of_record
TN:
SF:/home/sims05/Desktop/sequilize/spec/server-tests/loginusers.js
FN:8,fakeToken
FN:19,login
FN:21,loginAdmin
FN:26,(anonymous_5)
FN:38,loginRegular
FN:43,(anonymous_7)
FNF:6
FNH:6
FNDA:1,fakeToken
FNDA:3,login
FNDA:3,loginAdmin
FNDA:3,(anonymous_5)
FNDA:3,loginRegular
FNDA:3,(anonymous_7)
DA:4,1
DA:7,1
DA:9,1
DA:17,1
DA:20,3
DA:21,3
DA:22,3
DA:27,3
DA:28,3
DA:31,3
DA:32,3
DA:34,0
DA:38,3
DA:39,3
DA:44,3
DA:45,3
DA:48,3
LF:17
LH:16
BRDA:27,3,0,3
BRDA:27,3,1,0
BRDA:44,4,0,3
BRDA:44,4,1,0
BRF:4
BRH:2
end_of_record
TN:
SF:/home/sims05/Desktop/sequilize/spec/server-tests/roles.spec.js
FN:9,(anonymous_2)
FN:10,(anonymous_3)
FN:11,(anonymous_4)
FN:22,(anonymous_5)
FN:23,(anonymous_6)
FN:29,(anonymous_7)
FN:38,(anonymous_8)
FN:44,(anonymous_9)
FN:53,(anonymous_10)
FN:59,(anonymous_11)
FN:61,(anonymous_12)
FN:73,(anonymous_13)
FN:74,(anonymous_14)
FN:80,(anonymous_15)
FN:83,(anonymous_16)
FNF:15
FNH:15
FNDA:1,(anonymous_2)
FNDA:1,(anonymous_3)
FNDA:1,(anonymous_4)
FNDA:1,(anonymous_5)
FNDA:1,(anonymous_6)
FNDA:1,(anonymous_7)
FNDA:1,(anonymous_8)
FNDA:1,(anonymous_9)
FNDA:1,(anonymous_10)
FNDA:1,(anonymous_11)
FNDA:3,(anonymous_12)
FNDA:1,(anonymous_13)
FNDA:1,(anonymous_14)
FNDA:1,(anonymous_15)
FNDA:1,(anonymous_16)
DA:1,1
DA:2,1
DA:3,1
DA:4,1
DA:6,1
DA:7,1
DA:9,1
DA:10,1
DA:11,1
DA:12,1
DA:13,1
DA:14,1
DA:17,0
DA:22,1
DA:23,1
DA:25,1
DA:30,1
DA:31,1
DA:32,1
DA:34,0
DA:38,1
DA:40,1
DA:45,1
DA:46,1
DA:47,1
DA:49,0
DA:53,1
DA:55,1
DA:60,1
DA:61,1
DA:63,3
DA:64,3
DA:66,1
DA:68,0
DA:73,1
DA:74,1
DA:76,1
DA:81,1
DA:82,1
DA:83,1
DA:85,1
DA:86,1
DA:88,1
DA:90,0
LF:44
LH:39
BRDA:12,3,0,1
BRDA:12,3,1,0
BRDA:30,4,0,1
BRDA:30,4,1,0
BRDA:45,5,0,1
BRDA:45,5,1,0
BRDA:60,6,0,1
BRDA:60,6,1,0
BRDA:81,7,0,1
BRDA:81,7,1,0
BRF:10
BRH:5
end_of_record
TN:
SF:/home/sims05/Desktop/sequilize/spec/server-tests/users.spec.js
FN:13,(anonymous_2)
FN:14,(anonymous_3)
FN:15,(anonymous_4)
FN:25,(anonymous_5)
FN:26,(anonymous_6)
FN:31,(anonymous_7)
FN:41,(anonymous_8)
FN:46,(anonymous_9)
FN:51,(anonymous_10)
FN:58,(anonymous_11)
FN:60,(anonymous_12)
FN:70,(anonymous_13)
FN:77,(anonymous_14)
FN:87,(anonymous_15)
FN:88,(anonymous_16)
FN:97,(anonymous_17)
FN:107,(anonymous_18)
FN:116,(anonymous_19)
FN:125,(anonymous_20)
FN:134,(anonymous_21)
FN:144,(anonymous_22)
FN:145,(anonymous_23)
FN:151,(anonymous_24)
FN:160,(anonymous_25)
FN:167,(anonymous_26)
FN:176,(anonymous_27)
FN:183,(anonymous_28)
FN:185,(anonymous_29)
FN:195,(anonymous_30)
FN:202,(anonymous_31)
FN:211,(anonymous_32)
FN:217,(anonymous_33)
FN:226,(anonymous_34)
FN:232,(anonymous_35)
FN:242,(anonymous_36)
FN:247,(anonymous_37)
FN:257,(anonymous_38)
FN:262,(anonymous_39)
FN:273,(anonymous_40)
FN:274,(anonymous_41)
FN:281,(anonymous_42)
FN:283,(anonymous_43)
FNF:42
FNH:41
FNDA:1,(anonymous_2)
FNDA:1,(anonymous_3)
FNDA:1,(anonymous_4)
FNDA:1,(anonymous_5)
FNDA:1,(anonymous_6)
FNDA:1,(anonymous_7)
FNDA:1,(anonymous_8)
FNDA:1,(anonymous_9)
FNDA:1,(anonymous_10)
FNDA:1,(anonymous_11)
FNDA:3,(anonymous_12)
FNDA:1,(anonymous_13)
FNDA:1,(anonymous_14)
FNDA:1,(anonymous_15)
FNDA:1,(anonymous_16)
FNDA:1,(anonymous_17)
FNDA:1,(anonymous_18)
FNDA:1,(anonymous_19)
FNDA:1,(anonymous_20)
FNDA:1,(anonymous_21)
FNDA:1,(anonymous_22)
FNDA:1,(anonymous_23)
FNDA:1,(anonymous_24)
FNDA:1,(anonymous_25)
FNDA:1,(anonymous_26)
FNDA:1,(anonymous_27)
FNDA:1,(anonymous_28)
FNDA:1,(anonymous_29)
FNDA:1,(anonymous_30)
FNDA:1,(anonymous_31)
FNDA:1,(anonymous_32)
FNDA:1,(anonymous_33)
FNDA:1,(anonymous_34)
FNDA:1,(anonymous_35)
FNDA:1,(anonymous_36)
FNDA:1,(anonymous_37)
FNDA:1,(anonymous_38)
FNDA:1,(anonymous_39)
FNDA:1,(anonymous_40)
FNDA:1,(anonymous_41)
FNDA:1,(anonymous_42)
FNDA:0,(anonymous_43)
DA:1,1
DA:2,1
DA:3,1
DA:4,1
DA:7,1
DA:8,1
DA:11,1
DA:13,1
DA:14,1
DA:15,1
DA:16,1
DA:17,1
DA:18,1
DA:21,0
DA:25,1
DA:26,1
DA:28,1
DA:32,1
DA:33,1
DA:34,1
DA:35,1
DA:37,0
DA:41,1
DA:43,1
DA:51,1
DA:53,1
DA:59,1
DA:60,1
DA:62,3
DA:64,1
DA:66,0
DA:70,1
DA:72,1
DA:78,1
DA:79,1
DA:80,1
DA:82,0
DA:87,1
DA:88,1
DA:90,1
DA:98,1
DA:99,1
DA:100,1
DA:101,1
DA:103,0
DA:107,1
DA:109,1
DA:117,1
DA:118,1
DA:119,1
DA:121,0
DA:125,1
DA:127,1
DA:135,1
DA:136,1
DA:137,1
DA:139,0
DA:144,1
DA:145,1
DA:147,1
DA:152,1
DA:153,1
DA:154,1
DA:156,0
DA:160,1
DA:162,1
DA:168,1
DA:169,1
DA:170,1
DA:172,0
DA:176,1
DA:178,1
DA:184,1
DA:185,1
DA:187,1
DA:189,1
DA:191,0
DA:195,1
DA:197,1
DA:203,1
DA:204,1
DA:205,1
DA:207,0
DA:211,1
DA:213,1
DA:218,1
DA:219,1
DA:220,1
DA:222,0
DA:226,1
DA:228,1
DA:233,1
DA:234,0
DA:236,1
DA:242,1
DA:244,1
DA:248,1
DA:249,0
DA:251,1
DA:257,1
DA:259,1
DA:263,1
DA:264,0
DA:266,1
DA:273,1
DA:274,1
DA:276,1
DA:282,1
DA:283,1
DA:288,0
DA:290,1
DA:292,0
LF:112
LH:95
BRDA:16,3,0,1
BRDA:16,3,1,0
BRDA:32,4,0,1
BRDA:32,4,1,0
BRDA:59,5,0,1
BRDA:59,5,1,0
BRDA:78,6,0,1
BRDA:78,6,1,0
BRDA:98,7,0,1
BRDA:98,7,1,0
BRDA:117,8,0,1
BRDA:117,8,1,0
BRDA:135,9,0,1
BRDA:135,9,1,0
BRDA:152,10,0,1
BRDA:152,10,1,0
BRDA:168,11,0,1
BRDA:168,11,1,0
BRDA:184,12,0,1
BRDA:184,12,1,0
BRDA:203,13,0,1
BRDA:203,13,1,0
BRDA:218,14,0,1
BRDA:218,14,1,0
BRDA:233,15,0,0
BRDA:233,15,1,1
BRDA:248,16,0,0
BRDA:248,16,1,1
BRDA:263,17,0,0
BRDA:263,17,1,1
BRDA:282,18,0,1
BRDA:282,18,1,0
BRF:32
BRH:16
end_of_record
